[92m──────────────────────────────────────────────────────────────────────────── [0m[1;34mINTERNVL3.[0m[1;34m5[0m[1;34m-8B BANK STATEMENT BATCH EXTRACTION[0m[92m ────────────────────────────────────────────────────────────────────────────[0m
[36mEvaluation Method:[0m order_aware_f1
[36mMax Tiles:[0m [1;36m36[0m [1m([0mH200 optimized[1m)[0m
[36mPrecision:[0m bfloat16 with Flash Attention

[33mLoading ground truth[0m[33m...[0m

[32m✓ Found [0m[1;32m13[0m[32m bank statement images[0m

[33mLoading InternVL3.[0m[1;33m5[0m[33m-8B model[0m[33m...[0m
[92m─────────────────────────────────────────────────────────────────────────────────────────── [0m[1;34mBATCH PROCESSING[0m[92m ───────────────────────────────────────────────────────────────────────────────────────────[0m

[1;36m[[0m[1;36m1[0m[1;36m/[0m[1;36m13[0m[1;36m][0m Processing: [37mcba_date_grouped.png[0m
  [32m✓ Accuracy: [0m[1;32m80.0[0m[32m%[0m  ⏱ [1;36m30.[0m47s
[3m                                                                                  Field Comparison (semantic matching)                                                                                  [0m
┏━━━━━━━━━━┳━━━━━━━━━━━━━━━━━━━━━━━━━━┳━━━━━━━━━━┳━━━━━━━━━━━━━━━━━━━━━━━━━━━━━━━━━━━━━━━━━━━━━━━━━━━━━━━━━━━━━━━━━━━━━━━━━━┳━━━━━━━━━━━━━━━━━━━━━━━━━━━━━━━━━━━━━━━━━━━━━━━━━━━━━━━━━━━━━━━━━━━━━━━━━━┓
┃[1m [0m[1mStatus  [0m[1m [0m┃[1m [0m[1mField                   [0m[1m [0m┃[1m [0m[1m      F1[0m[1m [0m┃[1m [0m[1mExtracted                                                               [0m[1m [0m┃[1m [0m[1mGround Truth                                                            [0m[1m [0m┃
┡━━━━━━━━━━╇━━━━━━━━━━━━━━━━━━━━━━━━━━╇━━━━━━━━━━╇━━━━━━━━━━━━━━━━━━━━━━━━━━━━━━━━━━━━━━━━━━━━━━━━━━━━━━━━━━━━━━━━━━━━━━━━━━╇━━━━━━━━━━━━━━━━━━━━━━━━━━━━━━━━━━━━━━━━━━━━━━━━━━━━━━━━━━━━━━━━━━━━━━━━━━┩
│[1m [0m[1;32m✓ OK[0m[1m    [0m[1m [0m│[36m [0m[36mDOCUMENT_TYPE           [0m[36m [0m│   100.0% │ BANK_STATEMENT                                                           │ BANK_STATEMENT                                                           │
│[1m [0m[1;31m✗ FAIL[0m[1m  [0m[1m [0m│[36m [0m[36mSTATEMENT_DATE_RANGE    [0m[36m [0m│     0.0% │ 18 Mar 2024 - 14 Apr 2024                                                │ 15 Mar 2024 - 14 Apr 2024                                                │
│[1m [0m[1;32m✓ OK[0m[1m    [0m[1m [0m│[36m [0m[36mTRANSACTION_DATES       [0m[36m [0m│   100.0% │ 18 Mar 2024 | 19 Mar 2024 | 20 Mar 2024 | 22 Mar 2024 | 28 Mar 2024 | 03 │ 18 Mar 2024 | 19 Mar 2024 | 20 Mar 2024 | 22 Mar 2024 | 28 Mar 2024 | 03 │
│[1m          [0m│[36m                          [0m│          │ Apr 2024 | 05 Apr 2024 | 08 Apr 2024 | 10 Apr 2024 | 14 Apr 2024         │ Apr 2024 | 05 Apr 2024 | 08 Apr 2024 | 10 Apr 2024 | 14 Apr 2024         │
│[1m [0m[1;32m✓ OK[0m[1m    [0m[1m [0m│[36m [0m[36mLINE_ITEM_DESCRIPTIONS  [0m[36m [0m│   100.0% │ TELSTRA MOBILE SERVICES SYDNEY AUS | WOOLWORTHS 2847 MELBOURNE VIC AUS | │ TELSTRA MOBILE SERVICES SYDNEY AUS | WOOLWORTHS 2847 MELBOURNE VIC AUS | │
│[1m          [0m│[36m                          [0m│          │ SHELL SERVICE STATION RICHMOND VIC | NETFLIX SUBSCRIPTION | CAFE LATTE   │ SHELL SERVICE STATION RICHMOND VIC | NETFLIX SUBSCRIPTION | CAFE LATTE   │
│[1m          [0m│[36m                          [0m│          │ FITZROY VIC AUS | Transfer to xx2468 CommBank app | COLES SUPERMARKET    │ FITZROY VIC AUS | Transfer to xx2468 CommBank app | COLES SUPERMARKET    │
│[1m          [0m│[36m                          [0m│          │ CARLTON VIC | PARKING METERS MELBOURNE VIC | RENT PAYMENT REAL ESTATE |  │ CARLTON VIC | PARKING METERS MELBOURNE VIC | RENT PAYMENT REAL ESTATE |  │
│[1m          [0m│[36m                          [0m│          │ CHEMIST WAREHOUSE MELBOURNE VIC                                          │ CHEMIST WAREHOUSE MELBOURNE VIC                                          │
│[1m [0m[1;32m✓ OK[0m[1m    [0m[1m [0m│[36m [0m[36mTRANSACTION_AMOUNTS_PAID[0m[36m [0m│   100.0% │ 48.50 | 127.35 | 89.60 | 22.99 | 18.50 | 2,000.00 | 156.78 | 15.00 |     │ $48.50 | $127.35 | $89.60 | $22.99 | $18.50 | $2000.00 | $156.78 |       │
│[1m          [0m│[36m                          [0m│          │ 1,850.00 | 54.64                                                         │ $15.00 | $1850.00 | $54.64                                               │
└──────────┴──────────────────────────┴──────────┴──────────────────────────────────────────────────────────────────────────┴──────────────────────────────────────────────────────────────────────────┘

[1;36m[[0m[1;36m2[0m[1;36m/[0m[1;36m13[0m[1;36m][0m Processing: [37mcba_date_grouped_cont.png[0m
  [32m✓ Accuracy: [0m[1;32m87.8[0m[32m%[0m  ⏱ [1;36m38.[0m42s
[3m                                                                                  Field Comparison (semantic matching)                                                                                  [0m
┏━━━━━━━━━━┳━━━━━━━━━━━━━━━━━━━━━━━━━━┳━━━━━━━━━━┳━━━━━━━━━━━━━━━━━━━━━━━━━━━━━━━━━━━━━━━━━━━━━━━━━━━━━━━━━━━━━━━━━━━━━━━━━━┳━━━━━━━━━━━━━━━━━━━━━━━━━━━━━━━━━━━━━━━━━━━━━━━━━━━━━━━━━━━━━━━━━━━━━━━━━━┓
┃[1m [0m[1mStatus  [0m[1m [0m┃[1m [0m[1mField                   [0m[1m [0m┃[1m [0m[1m      F1[0m[1m [0m┃[1m [0m[1mExtracted                                                               [0m[1m [0m┃[1m [0m[1mGround Truth                                                            [0m[1m [0m┃
┡━━━━━━━━━━╇━━━━━━━━━━━━━━━━━━━━━━━━━━╇━━━━━━━━━━╇━━━━━━━━━━━━━━━━━━━━━━━━━━━━━━━━━━━━━━━━━━━━━━━━━━━━━━━━━━━━━━━━━━━━━━━━━━╇━━━━━━━━━━━━━━━━━━━━━━━━━━━━━━━━━━━━━━━━━━━━━━━━━━━━━━━━━━━━━━━━━━━━━━━━━━┩
│[1m [0m[1;32m✓ OK[0m[1m    [0m[1m [0m│[36m [0m[36mDOCUMENT_TYPE           [0m[36m [0m│   100.0% │ BANK_STATEMENT                                                           │ BANK_STATEMENT                                                           │
│[1m [0m[1;32m✓ OK[0m[1m    [0m[1m [0m│[36m [0m[36mSTATEMENT_DATE_RANGE    [0m[36m [0m│   100.0% │ 16 Apr 2024 - 26 May 2024                                                │ 16 Apr 2024 - 26 May 2024                                                │
│[1m [0m[1;33m~ PART[0m[1m  [0m[1m [0m│[36m [0m[36mTRANSACTION_DATES       [0m[36m [0m│    54.5% │ 16 Apr 2024 | 18 Apr 2024 | 20 Apr 2024 | 22 Apr 2024 | 26 Apr 2024 | 28 │ 16 Apr 2024 | 18 Apr 2024 | 20 Apr 2024 | 22 Apr 2024 | 26 Apr 2024 | 28 │
│[1m          [0m│[36m                          [0m│          │ Apr 2024 | 03 May 2024 | 05 May 2024 | 07 May 2024 | 08 May 2024 | 10    │ Apr 2024 | 01 May 2024 | 03 May 2024 | 05 May 2024 | 07 May 2024 | 08    │
│[1m          [0m│[36m                          [0m│          │ May 2024 | 14 May 2024 | 16 May 2024 | 22 May 2024 | 26 May 2024         │ May 2024 | 10 May 2024 | 14 May 2024 | 16 May 2024 | 22 May 2024 | 26    │
│[1m          [0m│[36m                          [0m│          │                                                                          │ May 2024                                                                 │
│[1m [0m[1;33m~ PART[0m[1m  [0m[1m [0m│[36m [0m[36mLINE_ITEM_DESCRIPTIONS  [0m[36m [0m│    84.6% │ RESTAURANT DINING SOUTH BANK VIC A | BOOKSTORE MELBOURNE CBD AU AUS |    │ RESTAURANT DINING SOUTHBANK VIC A | BOOKSTORE MELBOURNE CBD AU AUS | GYM │
│[1m          [0m│[36m                          [0m│          │ GYM MEMBERSHIP FITNESS FIRST VIC AU A | AUTO SERVICES BRUNSWICK AU AUS | │ MEMBERSHIP FITNESS FIRST VIC AU A | AUTO SERVICES BRUNSWICK AU AUS |     │
│[1m          [0m│[36m                          [0m│          │ HARDWARE STORE BUNNINGS VIC A | ELECTRONICS STORE JB HI FI AU | Transfer │ HARDWARE STORE BUNNINGS VIC AU | ELECTRONICS STORE JB HIFI AU AUS |      │
│[1m          [0m│[36m                          [0m│          │ to xx5432 CommBank app | Transfer to xx984 CommBank app | Transfer to    │ Transfer to xx5432 CommBank app | Transfer to xx1984 CommBank app |      │
│[1m          [0m│[36m                          [0m│          │ xx7654 CommBank app | PHARMACY CHEMIST MELBOURNE VIC | Direct Debit      │ Transfer to xx7654 CommBank app | PHARMACY CHEMIST MELBOURNE VIC |       │
│[1m          [0m│[36m                          [0m│          │ INSURANCE PREMIUM Majestii | STREAMING SERVICE SPOTIFY AUS | PET         │ Direct Debit INSURANCE PREMIUM | STREAMING SERVICE SPOTIFY AUS | PET     │
│[1m          [0m│[36m                          [0m│          │ SUPPLIES PETBARN RICHMOND VIC | UTILITIES ELECTRICITY BILL | DEPARTMENT  │ SUPPLIES PETBARN RICHMOND VIC | UTILITIES ELECTRICITY BILL | DEPARTMENT  │
│[1m          [0m│[36m                          [0m│          │ STORE MYERS VIC AU                                                       │ STORE MYERS VIC AU                                                       │
│[1m [0m[1;32m✓ OK[0m[1m    [0m[1m [0m│[36m [0m[36mTRANSACTION_AMOUNTS_PAID[0m[36m [0m│   100.0% │ 185.00 | 67.40 | 79.99 | 245.00 | 124.85 | 399.00 | 200.00 | 150.00 |    │ $185.00 | $67.40 | $79.99 | $245.00 | $124.85 | $399.00 | $200.00 |      │
│[1m          [0m│[36m                          [0m│          │ 400.00 | 42.30 | 85.50 | 14.99 | 98.75 | 178.60 | 234.90                 │ $150.00 | $400.00 | $42.30 | $85.50 | $14.99 | $98.75 | $178.60 |        │
│[1m          [0m│[36m                          [0m│          │                                                                          │ $234.90                                                                  │
└──────────┴──────────────────────────┴──────────┴──────────────────────────────────────────────────────────────────────────┴──────────────────────────────────────────────────────────────────────────┘

[1;36m[[0m[1;36m3[0m[1;36m/[0m[1;36m13[0m[1;36m][0m Processing: [37mtransaction_summary.png[0m
  [33m✓ Accuracy: [0m[1;33m63.3[0m[33m%[0m  ⏱ [1;36m42.[0m61s
[3m                                                                                  Field Comparison (semantic matching)                                                                                  [0m
┏━━━━━━━━━━┳━━━━━━━━━━━━━━━━━━━━━━━━━━┳━━━━━━━━━━┳━━━━━━━━━━━━━━━━━━━━━━━━━━━━━━━━━━━━━━━━━━━━━━━━━━━━━━━━━━━━━━━━━━━━━━━━━━┳━━━━━━━━━━━━━━━━━━━━━━━━━━━━━━━━━━━━━━━━━━━━━━━━━━━━━━━━━━━━━━━━━━━━━━━━━━┓
┃[1m [0m[1mStatus  [0m[1m [0m┃[1m [0m[1mField                   [0m[1m [0m┃[1m [0m[1m      F1[0m[1m [0m┃[1m [0m[1mExtracted                                                               [0m[1m [0m┃[1m [0m[1mGround Truth                                                            [0m[1m [0m┃
┡━━━━━━━━━━╇━━━━━━━━━━━━━━━━━━━━━━━━━━╇━━━━━━━━━━╇━━━━━━━━━━━━━━━━━━━━━━━━━━━━━━━━━━━━━━━━━━━━━━━━━━━━━━━━━━━━━━━━━━━━━━━━━━╇━━━━━━━━━━━━━━━━━━━━━━━━━━━━━━━━━━━━━━━━━━━━━━━━━━━━━━━━━━━━━━━━━━━━━━━━━━┩
│[1m [0m[1;32m✓ OK[0m[1m    [0m[1m [0m│[36m [0m[36mDOCUMENT_TYPE           [0m[36m [0m│   100.0% │ BANK_STATEMENT                                                           │ BANK_STATEMENT                                                           │
│[1m [0m[1;32m✓ OK[0m[1m    [0m[1m [0m│[36m [0m[36mSTATEMENT_DATE_RANGE    [0m[36m [0m│   100.0% │ 20 Feb 2024 - 18 Apr 2024                                                │ 20 Feb 2024 - 18 Apr 2024                                                │
│[1m [0m[1;33m~ PART[0m[1m  [0m[1m [0m│[36m [0m[36mTRANSACTION_DATES       [0m[36m [0m│    50.0% │ 25 Feb 2024 | 27 Feb 2024 | 27 Feb 2024 | 02 Mar 2024 | 05 Mar 2024 | 08 │ 25 Feb 2024 | 27 Feb 2024 | 27 Feb 2024 | 05 Mar 2024 | 08 Mar 2024 | 12 │
│[1m          [0m│[36m                          [0m│          │ Mar 2024 | 12 Mar 2024 | 12 Mar 2024 | 15 Mar 2024 | 15 Mar 2024 | 18    │ Mar 2024 | 12 Mar 2024 | 15 Mar 2024 | 15 Mar 2024 | 18 Mar 2024 | 22    │
│[1m          [0m│[36m                          [0m│          │ Mar 2024 | 22 Mar 2024 | 28 Mar 2024 | 30 Mar 2024 | 02 Apr 2024         │ Mar 2024                                                                 │
│[1m [0m[1;31m✗ FAIL[0m[1m  [0m[1m [0m│[36m [0m[36mLINE_ITEM_DESCRIPTIONS  [0m[36m [0m│    33.3% │ GROCERY STORE - Card ending: 8934 Interest Free Until 25 May 2024 |      │ GROCERY STORE - Card ending: 8934 Interest Free Until 25 May 2024 |      │
│[1m          [0m│[36m                          [0m│          │ ONLINE RETAILER - Card ending: 8934 Interest Free Until 27 May 2024 |    │ ONLINE RETAILER - Card ending: 8934 Interest Free Until 27 May 2024 |    │
│[1m          [0m│[36m                          [0m│          │ International Transaction Fee - Card ending: 8934 Interest Free Until 27 │ International Transaction Fee - Card ending: 8934 Interest Free Until 27 │
│[1m          [0m│[36m                          [0m│          │ May 2024 | Payment | Interest Charge (01/03/2024 to 05/03/2024) |        │ May 2024 | Interest Charge (01/03/2024 to 05/03/2024) | ELECTRONICS.COM  │
│[1m          [0m│[36m                          [0m│          │ ELECTRONICS.COM - Card ending: 5621 Interest Free Until 08 Jun 2024 |    │ - Card ending: 5621 Interest Free Until 08 Jun 2024 | SUBSCRIPTION       │
│[1m          [0m│[36m                          [0m│          │ SUBSCRIPTION SERVICE - Card ending: 5621 Interest Free Until 12 Jun 2024 │ SERVICE - Card ending: 5621 Interest Free Until 12 Jun 2024 |            │
│[1m          [0m│[36m                          [0m│          │ | International Transaction Fee - Card ending: 5621 Interest Free Until  │ International Transaction Fee - Card ending: 5621 Interest Free Until 12 │
│[1m          [0m│[36m                          [0m│          │ 12 Jun 2024 | DEPARTMENT STORE - Card ending: 5621 Interest Free Until   │ Jun 2024 | DEPARTMENT STORE - Card ending: 5621 Interest Free Until 15   │
│[1m          [0m│[36m                          [0m│          │ 15 Jun 2024 | International Transaction Fee - Card ending: 5621 Interest │ Jun 2024 | International Transaction Fee - Card ending: 5621 Interest    │
│[1m          [0m│[36m                          [0m│          │ Free Until 15 Jun 2024 | Monthly Account Fee | RESTAURANT - Card ending: │ Free Until 15 Jun 2024 | Monthly Account Fee | RESTAURANT - Card ending: │
│[1m          [0m│[36m                          [0m│          │ 8934 Interest Free Until 22 Jun 2024 | Payment | Instalment Payment |    │ 8934 Interest Free Until 22 Jun 2024                                     │
│[1m          [0m│[36m                          [0m│          │ Instalment Payment                                                       │                                                                          │
│[1m [0m[1;31m✗ FAIL[0m[1m  [0m[1m [0m│[36m [0m[36mTRANSACTION_AMOUNTS_PAID[0m[36m [0m│    33.3% │ $127.85 | $245.60 | $2.46 | -$450.00 | $0.00 | $189.99 | $24.95 | $0.25  │ $127.85 | $245.60 | $2.46 | $0.00 | $189.99 | $24.95 | $0.25 | $356.40 | │
│[1m          [0m│[36m                          [0m│          │ | $356.40 | $3.56 | $12.95 | $178.50 | -$685.00 | -$45.20 | -$128.75     │ $3.56 | $12.95 | $178.50                                                 │
└──────────┴──────────────────────────┴──────────┴──────────────────────────────────────────────────────────────────────────┴──────────────────────────────────────────────────────────────────────────┘

[1;36m[[0m[1;36m4[0m[1;36m/[0m[1;36m13[0m[1;36m][0m Processing: [37mcba_highligted.png[0m
  [33m✓ Accuracy: [0m[1;33m73.3[0m[33m%[0m  ⏱ [1;36m27.[0m39s
[3m                                                                            Field Comparison (semantic matching)                                                                             [0m
┏━━━━━━━━━━┳━━━━━━━━━━━━━━━━━━━━━━━━━━┳━━━━━━━━━━┳━━━━━━━━━━━━━━━━━━━━━━━━━━━━━━━━━━━━━━━━━━━━━━━━━━━━━━━━━━━━━━━━━━━━━━━━━━━┳━━━━━━━━━━━━━━━━━━━━━━━━━━━━━━━━━━━━━━━━━━━━━━━━━━━━━━━━━━━━━━┓
┃[1m [0m[1mStatus  [0m[1m [0m┃[1m [0m[1mField                   [0m[1m [0m┃[1m [0m[1m      F1[0m[1m [0m┃[1m [0m[1mExtracted                                                                [0m[1m [0m┃[1m [0m[1mGround Truth                                                [0m[1m [0m┃
┡━━━━━━━━━━╇━━━━━━━━━━━━━━━━━━━━━━━━━━╇━━━━━━━━━━╇━━━━━━━━━━━━━━━━━━━━━━━━━━━━━━━━━━━━━━━━━━━━━━━━━━━━━━━━━━━━━━━━━━━━━━━━━━━╇━━━━━━━━━━━━━━━━━━━━━━━━━━━━━━━━━━━━━━━━━━━━━━━━━━━━━━━━━━━━━━┩
│[1m [0m[1;32m✓ OK[0m[1m    [0m[1m [0m│[36m [0m[36mDOCUMENT_TYPE           [0m[36m [0m│   100.0% │ BANK_STATEMENT                                                            │ BANK_STATEMENT                                               │
│[1m [0m[1;31m✗ FAIL[0m[1m  [0m[1m [0m│[36m [0m[36mSTATEMENT_DATE_RANGE    [0m[36m [0m│     0.0% │ 21 Mar - 02 Apr                                                           │ 23 Mar - 03 Apr 2024                                         │
│[1m [0m[1;32m✓ OK[0m[1m    [0m[1m [0m│[36m [0m[36mTRANSACTION_DATES       [0m[36m [0m│   100.0% │ 23 Mar | 02 Apr                                                           │ 23 Mar | 02 Apr                                              │
│[1m [0m[1;33m~ PART[0m[1m  [0m[1m [0m│[36m [0m[36mLINE_ITEM_DESCRIPTIONS  [0m[36m [0m│    66.7% │ Salary CORPORATION PTY LTD BANK ACCOUNT | Transfer to xx9876 CommBank app │ Salary CORPORATION PTY LTD | Transfer to xx9876 CommBank app │
│[1m [0m[1;32m✓ OK[0m[1m    [0m[1m [0m│[36m [0m[36mTRANSACTION_AMOUNTS_PAID[0m[36m [0m│   100.0% │ 2,145.80 | 4,200.00                                                       │ $2145.80 | $4200.00                                          │
└──────────┴──────────────────────────┴──────────┴───────────────────────────────────────────────────────────────────────────┴──────────────────────────────────────────────────────────────┘

[1;36m[[0m[1;36m5[0m[1;36m/[0m[1;36m13[0m[1;36m][0m Processing: [37mlow_contrast.png[0m
  [32m✓ Accuracy: [0m[1;32m97.9[0m[32m%[0m  ⏱ [1;36m29.[0m02s
[3m                                                                                  Field Comparison (semantic matching)                                                                                  [0m
┏━━━━━━━━━━┳━━━━━━━━━━━━━━━━━━━━━━━━━━┳━━━━━━━━━━┳━━━━━━━━━━━━━━━━━━━━━━━━━━━━━━━━━━━━━━━━━━━━━━━━━━━━━━━━━━━━━━━━━━━━━━━━━━┳━━━━━━━━━━━━━━━━━━━━━━━━━━━━━━━━━━━━━━━━━━━━━━━━━━━━━━━━━━━━━━━━━━━━━━━━━━┓
┃[1m [0m[1mStatus  [0m[1m [0m┃[1m [0m[1mField                   [0m[1m [0m┃[1m [0m[1m      F1[0m[1m [0m┃[1m [0m[1mExtracted                                                               [0m[1m [0m┃[1m [0m[1mGround Truth                                                            [0m[1m [0m┃
┡━━━━━━━━━━╇━━━━━━━━━━━━━━━━━━━━━━━━━━╇━━━━━━━━━━╇━━━━━━━━━━━━━━━━━━━━━━━━━━━━━━━━━━━━━━━━━━━━━━━━━━━━━━━━━━━━━━━━━━━━━━━━━━╇━━━━━━━━━━━━━━━━━━━━━━━━━━━━━━━━━━━━━━━━━━━━━━━━━━━━━━━━━━━━━━━━━━━━━━━━━━┩
│[1m [0m[1;32m✓ OK[0m[1m    [0m[1m [0m│[36m [0m[36mDOCUMENT_TYPE           [0m[36m [0m│   100.0% │ BANK_STATEMENT                                                           │ BANK_STATEMENT                                                           │
│[1m [0m[1;32m✓ OK[0m[1m    [0m[1m [0m│[36m [0m[36mSTATEMENT_DATE_RANGE    [0m[36m [0m│   100.0% │ 05 Sep 2023 - 10 Sep 2023                                                │ 05 Sep 2023 - 10 Sep 2023                                                │
│[1m [0m[1;33m~ PART[0m[1m  [0m[1m [0m│[36m [0m[36mTRANSACTION_DATES       [0m[36m [0m│    89.7% │ 05 Sep 2023 | 06 Sep 2023 | 06 Sep 2023 | 07 Sep 2023 | 07 Sep 2023 | 07 │ 05 Sep 2023 | 06 Sep 2023 | 06 Sep 2023 | 07 Sep 2023 | 07 Sep 2023 | 07 │
│[1m          [0m│[36m                          [0m│          │ Sep 2023 | 07 Sep 2023 | 07 Sep 2023 | 07 Sep 2023 | 07 Sep 2023 | 07    │ Sep 2023 | 07 Sep 2023 | 07 Sep 2023 | 07 Sep 2023 | 07 Sep 2023 | 07    │
│[1m          [0m│[36m                          [0m│          │ Sep 2023 | 07 Sep 2023 | 08 Sep 2023 | 08 Sep 2023 | 09 Sep 2023 | 10    │ Sep 2023 | 08 Sep 2023 | 08 Sep 2023 | 09 Sep 2023 | 10 Sep 2023 | 10    │
│[1m          [0m│[36m                          [0m│          │ Sep 2023                                                                 │ Sep 2023                                                                 │
│[1m [0m[1;32m✓ OK[0m[1m    [0m[1m [0m│[36m [0m[36mLINE_ITEM_DESCRIPTIONS  [0m[36m [0m│   100.0% │ Otr Supermarket 9876 Sydney Aus | Otr Convenience 4321 Melbourne Aus |   │ Otr Supermarket 9876 Sydney Aus | Otr Convenience 4321 Melbourne Aus |   │
│[1m          [0m│[36m                          [0m│          │ Otr Convenience 4321 Melbourne Aus | Retailstore 8765 Perth Aus | Otr    │ Otr Convenience 4321 Melbourne Aus | Retailstore 8765 Perth Aus | Otr    │
│[1m          [0m│[36m                          [0m│          │ Convenience 4321 Melbourne Aus | Valley Shopping Ct Brisbane Aus | Plaza │ Convenience 4321 Melbourne Aus | Valley Shopping Ct Brisbane Aus | Plaza │
│[1m          [0m│[36m                          [0m│          │ Hotel Sydney Sydney Cre Aus | Plaza Hotel Sydney Sydney Cre Aus |        │ Hotel Sydney Sydney Cre Aus | Plaza Hotel Sydney Sydney Cre Aus |        │
│[1m          [0m│[36m                          [0m│          │ Department Store Pl Adelaide Aus | Plaza Motorcycl Brisbane Aus | Plaza  │ Department Store Pl Adelaide Aus | Plaza Motorcycl Brisbane Aus | Plaza  │
│[1m          [0m│[36m                          [0m│          │ Hotel Sydney Sydney Cre Aus | Value Retail Pty Newcastle South Aus |     │ Hotel Sydney Sydney Cre Aus | Value Retail Pty Newcastle South Aus |     │
│[1m          [0m│[36m                          [0m│          │ Office Supplies Brisbane Aus | Valley Shop Brisbane Aus | Brisbane Store │ Office Supplies Brisbane Aus | Valley Shop Brisbane Aus | Brisbane Store │
│[1m          [0m│[36m                          [0m│          │ Brisbane Aus | Value Family Trust Brisbane Aus                           │ Brisbane Aus | Value Family Trust Brisbane Aus                           │
│[1m [0m[1;32m✓ OK[0m[1m    [0m[1m [0m│[36m [0m[36mTRANSACTION_AMOUNTS_PAID[0m[36m [0m│   100.0% │ 45.80 | 28.45 | 15.90 | 12.35 | 34.60 | 67.00 | 89.00 | 23.50 | 156.95 | │ $45.80 | $28.45 | $15.90 | $12.35 | $34.60 | $67.00 | $89.00 | $23.50 |  │
│[1m          [0m│[36m                          [0m│          │ 245.00 | 389.00 | 12.80 | 78.45 | 45.30 | 23.90 | 890.00                 │ $156.95 | $245.00 | $389.00 | $12.80 | $78.45 | $45.30 | $23.90 |        │
│[1m          [0m│[36m                          [0m│          │                                                                          │ $890.00                                                                  │
└──────────┴──────────────────────────┴──────────┴──────────────────────────────────────────────────────────────────────────┴──────────────────────────────────────────────────────────────────────────┘

[1;36m[[0m[1;36m6[0m[1;36m/[0m[1;36m13[0m[1;36m][0m Processing: [37mnab_classic_highligted.png[0m
  [31m✓ Accuracy: [0m[1;31m42.1[0m[31m%[0m  ⏱ [1;36m47.[0m63s
[3m                                                                                  Field Comparison (semantic matching)                                                                                  [0m
┏━━━━━━━━━━┳━━━━━━━━━━━━━━━━━━━━━━━━━━┳━━━━━━━━━━┳━━━━━━━━━━━━━━━━━━━━━━━━━━━━━━━━━━━━━━━━━━━━━━━━━━━━━━━━━━━━━━━━━━━━━━━━━━┳━━━━━━━━━━━━━━━━━━━━━━━━━━━━━━━━━━━━━━━━━━━━━━━━━━━━━━━━━━━━━━━━━━━━━━━━━━┓
┃[1m [0m[1mStatus  [0m[1m [0m┃[1m [0m[1mField                   [0m[1m [0m┃[1m [0m[1m      F1[0m[1m [0m┃[1m [0m[1mExtracted                                                               [0m[1m [0m┃[1m [0m[1mGround Truth                                                            [0m[1m [0m┃
┡━━━━━━━━━━╇━━━━━━━━━━━━━━━━━━━━━━━━━━╇━━━━━━━━━━╇━━━━━━━━━━━━━━━━━━━━━━━━━━━━━━━━━━━━━━━━━━━━━━━━━━━━━━━━━━━━━━━━━━━━━━━━━━╇━━━━━━━━━━━━━━━━━━━━━━━━━━━━━━━━━━━━━━━━━━━━━━━━━━━━━━━━━━━━━━━━━━━━━━━━━━┩
│[1m [0m[1;32m✓ OK[0m[1m    [0m[1m [0m│[36m [0m[36mDOCUMENT_TYPE           [0m[36m [0m│   100.0% │ BANK_STATEMENT                                                           │ BANK_STATEMENT                                                           │
│[1m [0m[1;32m✓ OK[0m[1m    [0m[1m [0m│[36m [0m[36mSTATEMENT_DATE_RANGE    [0m[36m [0m│   100.0% │ 22 Mar 2024 - 25 Mar 2024                                                │ 22 Mar 2024 - 25 Mar 2024                                                │
│[1m [0m[1;31m✗ FAIL[0m[1m  [0m[1m [0m│[36m [0m[36mTRANSACTION_DATES       [0m[36m [0m│     0.0% │ 24 Mar 2024 | 25 Mar 2024                                                │ 22 Mar 2024 | 22 Mar 2024 | 23 Mar 2024 | 23 Mar 2024 | 23 Mar 2024 | 23 │
│[1m          [0m│[36m                          [0m│          │                                                                          │ Mar 2024 | 23 Mar 2024 | 24 Mar 2024 | 24 Mar 2024 | 24 Mar 2024 | 24    │
│[1m          [0m│[36m                          [0m│          │                                                                          │ Mar 2024 | 24 Mar 2024 | 24 Mar 2024 | 24 Mar 2024 | 24 Mar 2024 | 24    │
│[1m          [0m│[36m                          [0m│          │                                                                          │ Mar 2024 | 25 Mar 2024 | 25 Mar 2024                                     │
│[1m [0m[1;31m✗ FAIL[0m[1m  [0m[1m [0m│[36m [0m[36mLINE_ITEM_DESCRIPTIONS  [0m[36m [0m│    10.5% │ Auto Services | V1056 18/06 Farmland Markets | Pizza Delivery | V1056    │ Auto Services | EFTPOS 18/06 Fresh Grocers | V1056 18/06 Farmland        │
│[1m          [0m│[36m                          [0m│          │ 18/06 The Restaurant | V1056 16/06 Gas Station 890000 | V1056 20/06 The  │ Markets | Pizza Delivery | V1056 18/06 The Restaurant | V1056 16/06 Gas  │
│[1m          [0m│[36m                          [0m│          │ Restaurant | V1056 Farmland Markets | V1056 20/06 City Square | V1056    │ Station 890000 | V1056 Depot | V1056 20/06 The Restaurant | V1056        │
│[1m          [0m│[36m                          [0m│          │ 20/06 The Restaurant | V1056 Depot Retail No | V1056 21/06 Shopping      │ Farmland Markets | V1056 20/06 City Square | V1056 20/06 The Restaurant  │
│[1m          [0m│[36m                          [0m│          │ Complex | V1056 Retail Parkchester Rd Beer | V1056 19/06 Fast Food Chain │ | V1056 Depot Retail No | V1056 21/06 Shopping Complex | V1056 Retail    │
│[1m          [0m│[36m                          [0m│          │ North | V1056 22/06 Market Street | V1056 24/06 Retail S Fashion         │ Parkchester Rd Beer | V1056 19/06 Fast Food Chain North | V1056 22/06    │
│[1m          [0m│[36m                          [0m│          │                                                                          │ Market Street | V1056 24/06 Retail S Fashion | V1056 21/06 Department    │
│[1m          [0m│[36m                          [0m│          │                                                                          │ Plaza                                                                    │
│[1m [0m[1;31m✗ FAIL[0m[1m  [0m[1m [0m│[36m [0m[36mTRANSACTION_AMOUNTS_PAID[0m[36m [0m│     0.0% │ 34.85 | 45.50 | 125.00 | 78.40 | 345.60 | 67.80 | 56.90 | 234.50 | 89.60 │ $315.60 | $34.85 | $89.75 | $45.50 | $125.00 | $78.40 | $345.60 | $67.80 │
│[1m          [0m│[36m                          [0m│          │ | 145.80 | 267.40 | 78.90 | 45.80 | 123.60 | 189.50                      │ | $56.90 | $234.50 | $89.60 | $145.80 | $267.40 | $78.90 | $45.80 |      │
│[1m          [0m│[36m                          [0m│          │                                                                          │ $123.60 | $189.50 | $356.20                                              │
└──────────┴──────────────────────────┴──────────┴──────────────────────────────────────────────────────────────────────────┴──────────────────────────────────────────────────────────────────────────┘

[1;36m[[0m[1;36m7[0m[1;36m/[0m[1;36m13[0m[1;36m][0m Processing: [37mcba_amount_balance.png[0m
  [32m✓ Accuracy: [0m[1;32m80.0[0m[32m%[0m  ⏱ [1;36m51.[0m44s
[3m                                                                                  Field Comparison (semantic matching)                                                                                  [0m
┏━━━━━━━━━━┳━━━━━━━━━━━━━━━━━━━━━━━━━━┳━━━━━━━━━━┳━━━━━━━━━━━━━━━━━━━━━━━━━━━━━━━━━━━━━━━━━━━━━━━━━━━━━━━━━━━━━━━━━━━━━━━━━━┳━━━━━━━━━━━━━━━━━━━━━━━━━━━━━━━━━━━━━━━━━━━━━━━━━━━━━━━━━━━━━━━━━━━━━━━━━━┓
┃[1m [0m[1mStatus  [0m[1m [0m┃[1m [0m[1mField                   [0m[1m [0m┃[1m [0m[1m      F1[0m[1m [0m┃[1m [0m[1mExtracted                                                               [0m[1m [0m┃[1m [0m[1mGround Truth                                                            [0m[1m [0m┃
┡━━━━━━━━━━╇━━━━━━━━━━━━━━━━━━━━━━━━━━╇━━━━━━━━━━╇━━━━━━━━━━━━━━━━━━━━━━━━━━━━━━━━━━━━━━━━━━━━━━━━━━━━━━━━━━━━━━━━━━━━━━━━━━╇━━━━━━━━━━━━━━━━━━━━━━━━━━━━━━━━━━━━━━━━━━━━━━━━━━━━━━━━━━━━━━━━━━━━━━━━━━┩
│[1m [0m[1;32m✓ OK[0m[1m    [0m[1m [0m│[36m [0m[36mDOCUMENT_TYPE           [0m[36m [0m│   100.0% │ BANK_STATEMENT                                                           │ BANK_STATEMENT                                                           │
│[1m [0m[1;32m✓ OK[0m[1m    [0m[1m [0m│[36m [0m[36mSTATEMENT_DATE_RANGE    [0m[36m [0m│   100.0% │ 03 Jun 2023 - 14 Jun 2023                                                │ 03 Jun 2023 - 14 Jun 2023                                                │
│[1m [0m[1;32m✓ OK[0m[1m    [0m[1m [0m│[36m [0m[36mTRANSACTION_DATES       [0m[36m [0m│   100.0% │ 03 Jun 2023 | 04 Jun 2023 | 06 Jun 2023 | 06 Jun 2023 | 07 Jun 2023 | 08 │ 03 Jun 2023 | 04 Jun 2023 | 06 Jun 2023 | 06 Jun 2023 | 07 Jun 2023 | 08 │
│[1m          [0m│[36m                          [0m│          │ Jun 2023 | 08 Jun 2023 | 09 Jun 2023 | 09 Jun 2023 | 10 Jun 2023 | 12    │ Jun 2023 | 08 Jun 2023 | 09 Jun 2023 | 09 Jun 2023 | 10 Jun 2023 | 12    │
│[1m          [0m│[36m                          [0m│          │ Jun 2023 | 14 Jun 2023                                                   │ Jun 2023 | 14 Jun 2023                                                   │
│[1m [0m[1;31m✗ FAIL[0m[1m  [0m[1m [0m│[36m [0m[36mLINE_ITEM_DESCRIPTIONS  [0m[36m [0m│     0.0% │ GROCERY MARKET SUBURB NSW AUS Card xx5678 Value Date: 01/06/2023 |       │ GROCERY MARKET SUBURB NSW AUS | DEPARTMENT STORE SHOPPING DIST NS AUS |  │
│[1m          [0m│[36m                          [0m│          │ DEPARTMENT STORE SHOPPING DIST NS AUS Card xx5678 Value Date: 02/06/2023 │ CAFE CENTRAL T 54321F SUBURB AUS | CAFE CENTRAL T 54321F SUBURB AUS |    │
│[1m          [0m│[36m                          [0m│          │ | CAFE CENTRAL T 54321F SUBURB AUS Card xx5678 Value Date: 04/06/2023 |  │ ONLINE RETAILER.COM SYDNEY AU AUS | SERVICE STATION SUBURB NS AUS |      │
│[1m          [0m│[36m                          [0m│          │ CAFE CENTRAL T 54321F SUBURB AUS Card xx5678 Value Date: 04/06/2023 |    │ SERVICE STATION SUBURB NS AUS | ONLINE SUBSCRIPTION SYDNEY AU AUS |      │
│[1m          [0m│[36m                          [0m│          │ ONLINE RETAILER.COM SYDNEY AU AUS Card xx5678 Value Date: 05/06/2023 |   │ ONLINE SUBSCRIPTION SYDNEY AU AUS | ELECTRONICS 9876 SUBURB NSW AUS |    │
│[1m          [0m│[36m                          [0m│          │ SERVICE STATION SUBURB NS AUS Card xx5678 Value Date: 06/06/2023 |       │ PHARMACY SERVICES MELBOURNE AUS | BOOKSTORE 2345 SYDNEY AUS              │
│[1m          [0m│[36m                          [0m│          │ SERVICE STATION SUBURB NS AUS Card xx5678 Value Date: 06/06/2023 |       │                                                                          │
│[1m          [0m│[36m                          [0m│          │ ONLINE SUBSCRIPTION SYDNEY AU AUS Card xx5678 Value Date: 07/06/2023 |   │                                                                          │
│[1m          [0m│[36m                          [0m│          │ ONLINE SUBSCRIPTION SYDNEY AU AUS Card xx5678 Value Date: 07/06/2023 |   │                                                                          │
│[1m          [0m│[36m                          [0m│          │ ELECTRONICS 9876 SUBURB NSW AUS Card xx5678 Value Date: 08/06/2023 |     │                                                                          │
│[1m          [0m│[36m                          [0m│          │ PHARMACY SERVICES MELBOURNE AUS Card xx5678 Value Date: 10/06/2023 |     │                                                                          │
│[1m          [0m│[36m                          [0m│          │ BOOKSTORE 2345 SYDNEY AUS Card xx5678 Value Date: 12/06/2023             │                                                                          │
│[1m [0m[1;32m✓ OK[0m[1m    [0m[1m [0m│[36m [0m[36mTRANSACTION_AMOUNTS_PAID[0m[36m [0m│   100.0% │ -$78.90 | -$345.80 | -$24.50 | -$31.20 | -$18.95 | -$95.40 | -$28.60 |   │ -$78.90 | -$345.80 | -$24.50 | -$31.20 | -$18.95 | -$95.40 | -$28.60 |   │
│[1m          [0m│[36m                          [0m│          │ -$89.00 | -$145.50 | -$567.30 | -$42.85 | -$234.90                       │ -$89.00 | -$145.50 | -$567.30 | -$42.85 | -$234.90                       │
└──────────┴──────────────────────────┴──────────┴──────────────────────────────────────────────────────────────────────────┴──────────────────────────────────────────────────────────────────────────┘

[1;36m[[0m[1;36m8[0m[1;36m/[0m[1;36m13[0m[1;36m][0m Processing: [37mcba_debit_credit.png[0m
  [32m✓ Accuracy: [0m[1;32m95.7[0m[32m%[0m  ⏱ [1;36m45.[0m59s
[3m                                                                                  Field Comparison (semantic matching)                                                                                  [0m
┏━━━━━━━━━━┳━━━━━━━━━━━━━━━━━━━━━━━━━━┳━━━━━━━━━━┳━━━━━━━━━━━━━━━━━━━━━━━━━━━━━━━━━━━━━━━━━━━━━━━━━━━━━━━━━━━━━━━━━━━━━━━━━━┳━━━━━━━━━━━━━━━━━━━━━━━━━━━━━━━━━━━━━━━━━━━━━━━━━━━━━━━━━━━━━━━━━━━━━━━━━━┓
┃[1m [0m[1mStatus  [0m[1m [0m┃[1m [0m[1mField                   [0m[1m [0m┃[1m [0m[1m      F1[0m[1m [0m┃[1m [0m[1mExtracted                                                               [0m[1m [0m┃[1m [0m[1mGround Truth                                                            [0m[1m [0m┃
┡━━━━━━━━━━╇━━━━━━━━━━━━━━━━━━━━━━━━━━╇━━━━━━━━━━╇━━━━━━━━━━━━━━━━━━━━━━━━━━━━━━━━━━━━━━━━━━━━━━━━━━━━━━━━━━━━━━━━━━━━━━━━━━╇━━━━━━━━━━━━━━━━━━━━━━━━━━━━━━━━━━━━━━━━━━━━━━━━━━━━━━━━━━━━━━━━━━━━━━━━━━┩
│[1m [0m[1;32m✓ OK[0m[1m    [0m[1m [0m│[36m [0m[36mDOCUMENT_TYPE           [0m[36m [0m│   100.0% │ BANK_STATEMENT                                                           │ BANK_STATEMENT                                                           │
│[1m [0m[1;32m✓ OK[0m[1m    [0m[1m [0m│[36m [0m[36mSTATEMENT_DATE_RANGE    [0m[36m [0m│   100.0% │ 20 May - 24 May                                                          │ 20 May - 24 May                                                          │
│[1m [0m[1;33m~ PART[0m[1m  [0m[1m [0m│[36m [0m[36mTRANSACTION_DATES       [0m[36m [0m│    92.9% │ 20 May | 21 May | 21 May | 21 May | 21 May | 21 May | 21 May | 22 May |  │ 20 May | 21 May | 21 May | 21 May | 21 May | 21 May | 21 May | 22 May |  │
│[1m          [0m│[36m                          [0m│          │ 22 May | 23 May | 23 May | 23 May | 23 May | 23 May                      │ 22 May | 22 May | 23 May | 23 May | 23 May | 23 May | 24 May             │
│[1m [0m[1;33m~ PART[0m[1m  [0m[1m [0m│[36m [0m[36mLINE_ITEM_DESCRIPTIONS  [0m[36m [0m│    88.9% │ Direct Debit 987654 Loan Repayment<br>234567 | RETAIL STORE SUBURB AU |  │ Direct Debit 987654 Loan Repayment | RETAIL STORE SUBURB AU |            │
│[1m          [0m│[36m                          [0m│          │ SUPERMARKET SHOPPING SUBURB AU | SHOPPING SUBURB SUBURB AU | SHOPPING    │ SUPERMARKET SHOPPING SUBURB AU | SHOPPING SUBURB SUBURB AU | SHOPPING    │
│[1m          [0m│[36m                          [0m│          │ SUBURB SUBURB AU | Store RSL Suburbo AU<br>Cash Out $89.00 | Transfer To │ SUBURB SUBURB AU | Store RSL Suburb0 AU | Transfer To financially sorted │
│[1m          [0m│[36m                          [0m│          │ financially sorted | GROCERY STORE SUBURB AU | PETROL STATION SUBURB     │ | GROCERY STORE SUBURB AU | PETROL STATION SUBURB VICAU | RETAIL STORES  │
│[1m          [0m│[36m                          [0m│          │ VICAU | RETAIL STORES SUBURB VICAU | DEPARTMENT STORE PTY LTD SUBURB VIC │ SUBURB VICAU | DEPARTMENT STORE PTY LTD SUBURB VIC AU | RETAIL STORES    │
│[1m          [0m│[36m                          [0m│          │ AU | RETAIL STORES EASTLINK VIC SUBURB AU | RETAIL STORE PTY LTD Suburb  │ EASTLINK VIC SUBURB AU | RETAIL STORE PTY LTD Suburb VICAU | RETAIL      │
│[1m          [0m│[36m                          [0m│          │ VICAU | RETAIL STORE PTY LTD Suburb VICAU                                │ STORE PTY LTD Suburb VICAU | Afterpay afterpay.com AU AUS                │
│[1m [0m[1;33m~ PART[0m[1m  [0m[1m [0m│[36m [0m[36mTRANSACTION_AMOUNTS_PAID[0m[36m [0m│    96.6% │ 178.50 | 245.00 | 89.95 | 34.50 | 67.00 | 145.80 | 450.00 | 124.00 |     │ $178.50 | $245.00 | $89.95 | $34.50 | $67.00 | $145.80 | $450.00 |       │
│[1m          [0m│[36m                          [0m│          │ 78.90 | 56.40 | 1,456.80 | 67.75 | 89.25 | 45.80                         │ $124.00 | $78.90 | $56.40 | $1456.80 | $67.75 | $89.25 | $45.80 |        │
│[1m          [0m│[36m                          [0m│          │                                                                          │ $234.90                                                                  │
└──────────┴──────────────────────────┴──────────┴──────────────────────────────────────────────────────────────────────────┴──────────────────────────────────────────────────────────────────────────┘

[1;36m[[0m[1;36m9[0m[1;36m/[0m[1;36m13[0m[1;36m][0m Processing: [37mwestpac_debit_credit.png[0m
  [31m✓ Accuracy: [0m[1;31m43.7[0m[31m%[0m  ⏱ [1;36m44.[0m22s
[3m                                                                                  Field Comparison (semantic matching)                                                                                  [0m
┏━━━━━━━━━━┳━━━━━━━━━━━━━━━━━━━━━━━━━━┳━━━━━━━━━━┳━━━━━━━━━━━━━━━━━━━━━━━━━━━━━━━━━━━━━━━━━━━━━━━━━━━━━━━━━━━━━━━━━━━━━━━━━━┳━━━━━━━━━━━━━━━━━━━━━━━━━━━━━━━━━━━━━━━━━━━━━━━━━━━━━━━━━━━━━━━━━━━━━━━━━━┓
┃[1m [0m[1mStatus  [0m[1m [0m┃[1m [0m[1mField                   [0m[1m [0m┃[1m [0m[1m      F1[0m[1m [0m┃[1m [0m[1mExtracted                                                               [0m[1m [0m┃[1m [0m[1mGround Truth                                                            [0m[1m [0m┃
┡━━━━━━━━━━╇━━━━━━━━━━━━━━━━━━━━━━━━━━╇━━━━━━━━━━╇━━━━━━━━━━━━━━━━━━━━━━━━━━━━━━━━━━━━━━━━━━━━━━━━━━━━━━━━━━━━━━━━━━━━━━━━━━╇━━━━━━━━━━━━━━━━━━━━━━━━━━━━━━━━━━━━━━━━━━━━━━━━━━━━━━━━━━━━━━━━━━━━━━━━━━┩
│[1m [0m[1;32m✓ OK[0m[1m    [0m[1m [0m│[36m [0m[36mDOCUMENT_TYPE           [0m[36m [0m│   100.0% │ BANK_STATEMENT                                                           │ BANK_STATEMENT                                                           │
│[1m [0m[1;32m✓ OK[0m[1m    [0m[1m [0m│[36m [0m[36mSTATEMENT_DATE_RANGE    [0m[36m [0m│   100.0% │ 28 Nov 23 - 26 Dec 23                                                    │ 28 Nov 23 - 26 Dec 23                                                    │
│[1m [0m[1;31m✗ FAIL[0m[1m  [0m[1m [0m│[36m [0m[36mTRANSACTION_DATES       [0m[36m [0m│    12.1% │ 28 Nov 23 | 28 Nov 23 | 30 Nov 23 | 01 Dec 23 | 03 Dec 23 | 03 Dec 23 |  │ 28 Nov 23 | 28 Nov 23 | 28 Nov 23 | 30 Nov 23 | 30 Nov 23 | 01 Dec 23 |  │
│[1m          [0m│[36m                          [0m│          │ 06 Dec 23 | 06 Dec 23 | 07 Dec 23 | 07 Dec 23 | 12 Dec 23 | 12 Dec 23 |  │ 01 Dec 23 | 03 Dec 23 | 03 Dec 23 | 03 Dec 23 | 06 Dec 23 | 06 Dec 23 |  │
│[1m          [0m│[36m                          [0m│          │ 13 Dec 23 | 18 Dec 23 | 18 Dec 23 | 20 Dec 23 | 22 Dec 23 | 22 Dec 23 |  │ 07 Dec 23 | 07 Dec 23 | 07 Dec 23 | 12 Dec 23 | 12 Dec 23 | 12 Dec 23 |  │
│[1m          [0m│[36m                          [0m│          │ 23 Dec 23 | 26 Dec 23                                                    │ 13 Dec 23 | 18 Dec 23 | 18 Dec 23 | 18 Dec 23 | 20 Dec 23 | 20 Dec 23 |  │
│[1m          [0m│[36m                          [0m│          │                                                                          │ 22 Dec 23 | 22 Dec 23 | 22 Dec 23 | 22 Dec 23 | 22 Dec 23 | 23 Dec 23 |  │
│[1m          [0m│[36m                          [0m│          │                                                                          │ 26 Dec 23                                                                │
│[1m [0m[1;31m✗ FAIL[0m[1m  [0m[1m [0m│[36m [0m[36mLINE_ITEM_DESCRIPTIONS  [0m[36m [0m│     0.0% │ Stores Melbourne T2 Sydney Domestic AUS SUBURB NSW ETOLL | RETAIL STORE  │ Stores Melbourne T2 | Sydney Domest AUS | SUBURB NSW ETOLL | RETAIL      │
│[1m          [0m│[36m                          [0m│          │ SUBURB SHOPPING CENTRE SUBURB | AUTOMOTIVE SERVICE CAFE PTY LTD |        │ STORE SUBURB | SHOPPING CENTRE SUBURB | AUTOMOTIVE SERVICE | CAFE PTY    │
│[1m          [0m│[36m                          [0m│          │ PHARMACY PTY LTD RESTAURANT 2347F FUEL AUSTRALIA PTY | C012              │ LTD | PHARMACY PTY LTD | RESTAURANT 2347F | FUEL AUSTRALIA PTY |         │
│[1m          [0m│[36m                          [0m│          │ Y12-10684-33234 Sydney AUS INSURANCE CO SYDNEY AUS RETAIL HOTEL PTY LTD  │ INSURANCE CO SYDNEY AUS | RETAIL HOTEL PTY LTD LOCATION AUS | RETAIL     │
│[1m          [0m│[36m                          [0m│          │ LOCATION AUS | C30815 TFR FROM Westpac Choice RETAIL AUSTRALIA PTY       │ AUSTRALIA PTY | CASH ADVANCE | SPORTING PTY LTD | RETAIL BRANDS AU       │
│[1m          [0m│[36m                          [0m│          │ MELBOURNE AUS | CASH ADVANCE SPORTING PTY LTD DARWIN AUS | RETAIL BRANDS │ SUBURB AUS | PARKING PTY LTD SUBURB AUS | DINING BAHAMA SUBURB AUS |     │
│[1m          [0m│[36m                          [0m│          │ AU SUBURB AUS PARKING PTY LTD SUBURB AUS DINING BAHAMA SUBURB AUS |      │ RETAIL SERVICES 1849 SUBURB AUS | RETAIL COMPANY 1849 SUBURB AUS |       │
│[1m          [0m│[36m                          [0m│          │ RETAIL SERVICES 1849 SUBURB AUS | RETAIL COMPANY 1849 SUBURB AUS         │ SHOPPING AUSTRALIA SUBURB AUS | RETAIL STORES SUBURB AUS | SERVICES*123  │
│[1m          [0m│[36m                          [0m│          │ SHOPPING AUSTRALIA SUBURB AUS RETAIL STORES SUBURB AUS | SERVICES 123    │ Accounting SUBURB AUS | RETAIL INDUSTRIAL SUBURB EAST AUS | RETAIL STORE │
│[1m          [0m│[36m                          [0m│          │ Accounting SUBURB AUS RETAIL INDUSTRIAL SUBURB EAST AUS | RETAIL STORE   │ 22478F SUBURB AUS | CAFE STORE 22478F SUBURB AUS | AUTOMOTIVE SERVICE    │
│[1m          [0m│[36m                          [0m│          │ 22478F SUBURB AUS CAFE STORE 22478F SUBURB AUS AUTOMOTIVE SERVICE SUBURB │ SUBURB AUS | RETAIL STORE FT SUBURB H LOCATION AUS | RETAIL STORE'S 1849 │
│[1m          [0m│[36m                          [0m│          │ AUS | RETAIL STORE FT SUBURB H LOCATION AUS RETAIL STORE'S 1849 SUBURB   │ SUBURB AUS | RETAIL STORE EPARK ONL28 SUBURB 28 AUS | INTEREST CHARGES - │
│[1m          [0m│[36m                          [0m│          │ AUS | RETAIL STORE EPARK ONL28 SUBURB 28 AUS CRED VOUCHER | INTEREST     │ CASH                                                                     │
│[1m          [0m│[36m                          [0m│          │ CHARGES - CASH                                                           │                                                                          │
│[1m [0m[1;31m✗ FAIL[0m[1m  [0m[1m [0m│[36m [0m[36mTRANSACTION_AMOUNTS_PAID[0m[36m [0m│     6.2% │ 12.50 | 45.90 | 234.80 | 156.70 | 78.40 | 145.60 | 345.90 | 789.50 |     │ $12.50 | $89.45 | $45.90 | $234.80 | $67.30 | $156.70 | $28.95 | $78.40  │
│[1m          [0m│[36m                          [0m│          │ 456.80 | 750.00 | 78.40 | 234.00 | 189.50 | 567.80 | 89.45 | 678.05 |    │ | $145.60 | $456.80 | $345.90 | $789.50 | $456.80 | $750.00 | $89.80 |   │
│[1m          [0m│[36m                          [0m│          │ 234.51 | 356.00 | 234.83 | 1.45                                          │ $78.40 | $45.38 | $234.00 | $189.50 | $567.80 | $234.00 | $89.45 |       │
│[1m          [0m│[36m                          [0m│          │                                                                          │ $678.05 | $456.60 | $234.51 | $189.72 | $1245.49 | $356.00 | $89.70 |    │
│[1m          [0m│[36m                          [0m│          │                                                                          │ $234.83 | $1.45                                                          │
└──────────┴──────────────────────────┴──────────┴──────────────────────────────────────────────────────────────────────────┴──────────────────────────────────────────────────────────────────────────┘

[1;36m[[0m[1;36m10[0m[1;36m/[0m[1;36m13[0m[1;36m][0m Processing: [37mcba_home_loan.png[0m
  [32m✓ Accuracy: [0m[1;32m87.6[0m[32m%[0m  ⏱ [1;36m16.[0m71s
[3m                                                                                  Field Comparison (semantic matching)                                                                                  [0m
┏━━━━━━━━━━┳━━━━━━━━━━━━━━━━━━━━━━━━━━┳━━━━━━━━━━┳━━━━━━━━━━━━━━━━━━━━━━━━━━━━━━━━━━━━━━━━━━━━━━━━━━━━━━━━━━━━━━━━━━━━━━━━━━┳━━━━━━━━━━━━━━━━━━━━━━━━━━━━━━━━━━━━━━━━━━━━━━━━━━━━━━━━━━━━━━━━━━━━━━━━━━┓
┃[1m [0m[1mStatus  [0m[1m [0m┃[1m [0m[1mField                   [0m[1m [0m┃[1m [0m[1m      F1[0m[1m [0m┃[1m [0m[1mExtracted                                                               [0m[1m [0m┃[1m [0m[1mGround Truth                                                            [0m[1m [0m┃
┡━━━━━━━━━━╇━━━━━━━━━━━━━━━━━━━━━━━━━━╇━━━━━━━━━━╇━━━━━━━━━━━━━━━━━━━━━━━━━━━━━━━━━━━━━━━━━━━━━━━━━━━━━━━━━━━━━━━━━━━━━━━━━━╇━━━━━━━━━━━━━━━━━━━━━━━━━━━━━━━━━━━━━━━━━━━━━━━━━━━━━━━━━━━━━━━━━━━━━━━━━━┩
│[1m [0m[1;32m✓ OK[0m[1m    [0m[1m [0m│[36m [0m[36mDOCUMENT_TYPE           [0m[36m [0m│   100.0% │ BANK_STATEMENT                                                           │ BANK_STATEMENT                                                           │
│[1m [0m[1;32m✓ OK[0m[1m    [0m[1m [0m│[36m [0m[36mSTATEMENT_DATE_RANGE    [0m[36m [0m│   100.0% │ 27 Oct - 13 Nov                                                          │ 27 Oct - 13 Nov                                                          │
│[1m [0m[1;33m~ PART[0m[1m  [0m[1m [0m│[36m [0m[36mTRANSACTION_DATES       [0m[36m [0m│    85.7% │ 27 Oct | 04 Nov | 13/11/25 | 13 Nov                                      │ 27 Oct | 02 Nov | 13 Nov | 13 Nov                                        │
│[1m [0m[1;33m~ PART[0m[1m  [0m[1m [0m│[36m [0m[36mLINE_ITEM_DESCRIPTIONS  [0m[36m [0m│    66.7% │ Repayment Redraw NetBank Backdated to 25/10/25 | Repayment/Payment |     │ Repayment/Payment NetBank Backdated to 25/10/25 | Interest charged |     │
│[1m          [0m│[36m                          [0m│          │ Reversal of a transaction made 13/11/25 | Interest charged               │ 13/11/25 Reversal of a transaction made 13/11/25 | Interest charged      │
│[1m [0m[1;33m~ PART[0m[1m  [0m[1m [0m│[36m [0m[36mTRANSACTION_AMOUNTS_PAID[0m[36m [0m│    85.7% │ 54.00 | 85.99 | 0.02 | 0.03                                              │ $54.00 | $85.94 | $0.02 | $0.03                                          │
└──────────┴──────────────────────────┴──────────┴──────────────────────────────────────────────────────────────────────────┴──────────────────────────────────────────────────────────────────────────┘

[1;36m[[0m[1;36m11[0m[1;36m/[0m[1;36m13[0m[1;36m][0m Processing: [37mimage_003.png[0m
  [32m✓ Accuracy: [0m[1;32m100.0[0m[32m%[0m  ⏱ [1;36m17.[0m98s
[3m                                                                                  Field Comparison (semantic matching)                                                                                  [0m
┏━━━━━━━━━━┳━━━━━━━━━━━━━━━━━━━━━━━━━━┳━━━━━━━━━━┳━━━━━━━━━━━━━━━━━━━━━━━━━━━━━━━━━━━━━━━━━━━━━━━━━━━━━━━━━━━━━━━━━━━━━━━━━━┳━━━━━━━━━━━━━━━━━━━━━━━━━━━━━━━━━━━━━━━━━━━━━━━━━━━━━━━━━━━━━━━━━━━━━━━━━━┓
┃[1m [0m[1mStatus  [0m[1m [0m┃[1m [0m[1mField                   [0m[1m [0m┃[1m [0m[1m      F1[0m[1m [0m┃[1m [0m[1mExtracted                                                               [0m[1m [0m┃[1m [0m[1mGround Truth                                                            [0m[1m [0m┃
┡━━━━━━━━━━╇━━━━━━━━━━━━━━━━━━━━━━━━━━╇━━━━━━━━━━╇━━━━━━━━━━━━━━━━━━━━━━━━━━━━━━━━━━━━━━━━━━━━━━━━━━━━━━━━━━━━━━━━━━━━━━━━━━╇━━━━━━━━━━━━━━━━━━━━━━━━━━━━━━━━━━━━━━━━━━━━━━━━━━━━━━━━━━━━━━━━━━━━━━━━━━┩
│[1m [0m[1;32m✓ OK[0m[1m    [0m[1m [0m│[36m [0m[36mDOCUMENT_TYPE           [0m[36m [0m│   100.0% │ BANK_STATEMENT                                                           │ BANK_STATEMENT                                                           │
│[1m [0m[1;32m✓ OK[0m[1m    [0m[1m [0m│[36m [0m[36mSTATEMENT_DATE_RANGE    [0m[36m [0m│   100.0% │ 03/05/2025 - 10/05/2025                                                  │ 03/05/2025 - 10/05/2025                                                  │
│[1m [0m[1;32m✓ OK[0m[1m    [0m[1m [0m│[36m [0m[36mTRANSACTION_DATES       [0m[36m [0m│   100.0% │ 03/05/2025 | 04/05/2025 | 05/05/2025 | 07/05/2025 | 08/05/2025 |         │ 03/05/2025 | 04/05/2025 | 05/05/2025 | 07/05/2025 | 08/05/2025 |         │
│[1m          [0m│[36m                          [0m│          │ 10/05/2025                                                               │ 10/05/2025                                                               │
│[1m [0m[1;32m✓ OK[0m[1m    [0m[1m [0m│[36m [0m[36mLINE_ITEM_DESCRIPTIONS  [0m[36m [0m│   100.0% │ ONLINE PURCHASE AMAZON AU | EFTPOS PURCHASE COLES EXP | EFTPOS PURCHASE  │ ONLINE PURCHASE AMAZON AU | EFTPOS PURCHASE COLES EXP | EFTPOS PURCHASE  │
│[1m          [0m│[36m                          [0m│          │ COLES EXP | ATM WITHDRAWAL ANZ ATM | EFTPOS PURCHASE COLES EXP | ATM     │ COLES EXP | ATM WITHDRAWAL ANZ ATM | EFTPOS PURCHASE COLES EXP | ATM     │
│[1m          [0m│[36m                          [0m│          │ WITHDRAWAL ANZ ATM                                                       │ WITHDRAWAL ANZ ATM                                                       │
│[1m [0m[1;32m✓ OK[0m[1m    [0m[1m [0m│[36m [0m[36mTRANSACTION_AMOUNTS_PAID[0m[36m [0m│   100.0% │ $288.03 | $22.50 | $114.66 | $187.59 | $112.50 | $146.72                 │ $288.03 | $22.50 | $114.66 | $187.59 | $112.50 | $146.72                 │
└──────────┴──────────────────────────┴──────────┴──────────────────────────────────────────────────────────────────────────┴──────────────────────────────────────────────────────────────────────────┘

[1;36m[[0m[1;36m12[0m[1;36m/[0m[1;36m13[0m[1;36m][0m Processing: [37mimage_009.png[0m
  [31m✓ Accuracy: [0m[1;31m27.5[0m[31m%[0m  ⏱ [1;36m28.[0m23s
[3m                                                                                  Field Comparison (semantic matching)                                                                                  [0m
┏━━━━━━━━━━┳━━━━━━━━━━━━━━━━━━━━━━━━━━┳━━━━━━━━━━┳━━━━━━━━━━━━━━━━━━━━━━━━━━━━━━━━━━━━━━━━━━━━━━━━━━━━━━━━━━━━━━━━━━━━━━━━━━┳━━━━━━━━━━━━━━━━━━━━━━━━━━━━━━━━━━━━━━━━━━━━━━━━━━━━━━━━━━━━━━━━━━━━━━━━━━┓
┃[1m [0m[1mStatus  [0m[1m [0m┃[1m [0m[1mField                   [0m[1m [0m┃[1m [0m[1m      F1[0m[1m [0m┃[1m [0m[1mExtracted                                                               [0m[1m [0m┃[1m [0m[1mGround Truth                                                            [0m[1m [0m┃
┡━━━━━━━━━━╇━━━━━━━━━━━━━━━━━━━━━━━━━━╇━━━━━━━━━━╇━━━━━━━━━━━━━━━━━━━━━━━━━━━━━━━━━━━━━━━━━━━━━━━━━━━━━━━━━━━━━━━━━━━━━━━━━━╇━━━━━━━━━━━━━━━━━━━━━━━━━━━━━━━━━━━━━━━━━━━━━━━━━━━━━━━━━━━━━━━━━━━━━━━━━━┩
│[1m [0m[1;32m✓ OK[0m[1m    [0m[1m [0m│[36m [0m[36mDOCUMENT_TYPE           [0m[36m [0m│   100.0% │ BANK_STATEMENT                                                           │ BANK_STATEMENT                                                           │
│[1m [0m[1;31m✗ FAIL[0m[1m  [0m[1m [0m│[36m [0m[36mSTATEMENT_DATE_RANGE    [0m[36m [0m│     0.0% │ Thu 04 Sep - Mon 11 Aug                                                  │ 11 Aug 2025 - 04 Sep 2025                                                │
│[1m [0m[1;31m✗ FAIL[0m[1m  [0m[1m [0m│[36m [0m[36mTRANSACTION_DATES       [0m[36m [0m│    12.5% │ Thu 04 Sep | Wed 27 Aug | Thu 21 Aug | Tue 19 Aug | Sun 17 Aug | Fri 15  │ 04 Sep 2025 | 01 Sep 2025 | 31 Aug 2025 | 29 Aug 2025 | 27 Aug 2025 | 27 │
│[1m          [0m│[36m                          [0m│          │ Aug | Wed 13 Aug | Mon 11 Aug                                            │ Aug 2025 | 23 Aug 2025 | 21 Aug 2025 | 19 Aug 2025 | 17 Aug 2025 | 15    │
│[1m          [0m│[36m                          [0m│          │                                                                          │ Aug 2025 | 13 Aug 2025 | 13 Aug 2025 | 11 Aug 2025 | 11 Aug 2025         │
│[1m [0m[1;31m✗ FAIL[0m[1m  [0m[1m [0m│[36m [0m[36mLINE_ITEM_DESCRIPTIONS  [0m[36m [0m│    12.5% │ Direct Debit DOMINO'S PTY LTD | Direct Debit 94924P49133289 MHF          │ Direct Debit DOMINO'S PTY LTD | Monthly Service Fee | Monthly Service    │
│[1m          [0m│[36m                          [0m│          │ 75696<br>Cash Withdrawal ATM SYDNEY NSW | Salary - ATO PAYROLL           │ Fee | Wdl ATM WBC WESTPAC GLEN WAVE | Direct Debit 94924P40133259 MHF    │
│[1m          [0m│[36m                          [0m│          │ 89278P11488576<br>Direct Debit COLES PTY LTD | Cash Withdrawal ATM       │ 75600 | Cash Withdrawal ATM SYDNEY NSW | Home Loan Payment LN REPAY      │
│[1m          [0m│[36m                          [0m│          │ HOBART TAS | Transfer To Vicks Account NetBank From Tod | Direct Debit   │ 56052P41706670 | Direct Debit COLES PTY LTD | Cash Withdrawal ATM HOBART │
│[1m          [0m│[36m                          [0m│          │ MYER PTY LTD | ATM Withdrawal SYDNEY NSW<br>Direct Debit 65452P29227883  │ TAS | Transfer To Vicks Account NetBank From Tod | Direct Debit MYER PTY │
│[1m          [0m│[36m                          [0m│          │ MHF 11016 | Transfer To Western Port Marina NetBank<br>Direct Debit      │ LTD | ATM Withdrawal SYDNEY NSW | Direct Debit 65452P29227883 MHF 11016  │
│[1m          [0m│[36m                          [0m│          │ 82572P68016423 MHF 62020                                                 │ | Transfer To Western Port Marina NetBank | Direct Debit 82572P60016423  │
│[1m          [0m│[36m                          [0m│          │                                                                          │ MHF 62020                                                                │
│[1m [0m[1;31m✗ FAIL[0m[1m  [0m[1m [0m│[36m [0m[36mTRANSACTION_AMOUNTS_PAID[0m[36m [0m│    12.5% │ $117.57 | $251.33<br>$98.53 | $276.31 | $61.68 | $3775.28 | $245.00 |    │ $117.57 | $17.89 | $18.87 | $241.14 | $251.33 | $98.53 | $1918.75 |      │
│[1m          [0m│[36m                          [0m│          │ $51.36<br>$228.11 | $4374.15<br>$214.26                                  │ $276.31 | $61.68 | $3775.28 | $245.00 | $51.36 | $228.11 | $4374.15 |    │
│[1m          [0m│[36m                          [0m│          │                                                                          │ $214.26                                                                  │
└──────────┴──────────────────────────┴──────────┴──────────────────────────────────────────────────────────────────────────┴──────────────────────────────────────────────────────────────────────────┘

[1;36m[[0m[1;36m13[0m[1;36m/[0m[1;36m13[0m[1;36m][0m Processing: [37mimage_008.png[0m
  [31m✓ Accuracy: [0m[1;31m23.9[0m[31m%[0m  ⏱ [1;36m78.[0m75s
[3m                                                                                  Field Comparison (semantic matching)                                                                                  [0m
┏━━━━━━━━━━┳━━━━━━━━━━━━━━━━━━━━━━━━━━┳━━━━━━━━━━┳━━━━━━━━━━━━━━━━━━━━━━━━━━━━━━━━━━━━━━━━━━━━━━━━━━━━━━━━━━━━━━━━━━━━━━━━━━┳━━━━━━━━━━━━━━━━━━━━━━━━━━━━━━━━━━━━━━━━━━━━━━━━━━━━━━━━━━━━━━━━━━━━━━━━━━┓
┃[1m [0m[1mStatus  [0m[1m [0m┃[1m [0m[1mField                   [0m[1m [0m┃[1m [0m[1m      F1[0m[1m [0m┃[1m [0m[1mExtracted                                                               [0m[1m [0m┃[1m [0m[1mGround Truth                                                            [0m[1m [0m┃
┡━━━━━━━━━━╇━━━━━━━━━━━━━━━━━━━━━━━━━━╇━━━━━━━━━━╇━━━━━━━━━━━━━━━━━━━━━━━━━━━━━━━━━━━━━━━━━━━━━━━━━━━━━━━━━━━━━━━━━━━━━━━━━━╇━━━━━━━━━━━━━━━━━━━━━━━━━━━━━━━━━━━━━━━━━━━━━━━━━━━━━━━━━━━━━━━━━━━━━━━━━━┩
│[1m [0m[1;32m✓ OK[0m[1m    [0m[1m [0m│[36m [0m[36mDOCUMENT_TYPE           [0m[36m [0m│   100.0% │ BANK_STATEMENT                                                           │ BANK_STATEMENT                                                           │
│[1m [0m[1;31m✗ FAIL[0m[1m  [0m[1m [0m│[36m [0m[36mSTATEMENT_DATE_RANGE    [0m[36m [0m│     0.0% │ 07/09/2025 - 09/08/2025                                                  │ 08/08/2025 - 07/09/2025                                                  │
│[1m [0m[1;31m✗ FAIL[0m[1m  [0m[1m [0m│[36m [0m[36mTRANSACTION_DATES       [0m[36m [0m│     6.5% │ 07/09/2025 | 04/09/2025 | 01/09/2025 | 31/08/2025 | 29/08/2025 |         │ 07/09/2025 | 08/09/2025 | 04/09/2025 | 03/09/2025 | 03/09/2025 |         │
│[1m          [0m│[36m                          [0m│          │ 27/08/2025 | 24/08/2025 | 24/08/2025 | 23/08/2025 | 22/08/2025 |         │ 02/09/2025 | 01/09/2025 | 01/09/2025 | 31/08/2025 | 29/08/2025 |         │
│[1m          [0m│[36m                          [0m│          │ 20/08/2025 | 20/08/2025 | 14/08/2025 | 14/08/2025 | 11/08/2025 |         │ 29/08/2025 | 27/08/2025 | 27/08/2025 | 23/08/2025 | 20/08/2025 |         │
│[1m          [0m│[36m                          [0m│          │ 09/08/2025                                                               │ 20/08/2025 | 19/08/2025 | 18/08/2025 | 18/08/2025 | 18/08/2025 |         │
│[1m          [0m│[36m                          [0m│          │                                                                          │ 14/08/2025 | 13/08/2025 | 13/08/2025 | 11/08/2025 | 10/08/2025 |         │
│[1m          [0m│[36m                          [0m│          │                                                                          │ 10/08/2025 | 09/08/2025 | 09/08/2025 | 08/08/2025 | 08/08/2025           │
│[1m [0m[1;31m✗ FAIL[0m[1m  [0m[1m [0m│[36m [0m[36mLINE_ITEM_DESCRIPTIONS  [0m[36m [0m│     6.5% │ EFTPOS Cash Out PRICELINE PHARMACY MACKAY QLD | Mortgage Payment         │ EFTPOS Cash Out PRICELINE PHARMACY MACKAY QLD | EFTPOS Purchase          │
│[1m          [0m│[36m                          [0m│          │ MORTGAGE 619390279 CRN 9813018480 | DD INSURANCE ACME CORP PTY LTD       │ OFFICEWORKS BUSINESS ROCKHAMPTO | Mortgage Repayment MORT 6103P16754533  │
│[1m          [0m│[36m                          [0m│          │ 82321242151853 | BPAY Payment BILLER80027 CRN 9813018480 | Card Purchase │ NAB | OSKO Payment to MIKE CHEN 60088P85773133 | Direct Debit            │
│[1m          [0m│[36m                          [0m│          │ RED COASTER PARRAMATTA SA | EFTPOS Cash Out PRICELINE PHARMACY BRISBANE  │ 15395P41808263 MHF 42730 | DD INSURANCE ACME CORP PTY LTD 82321P42151853 │
│[1m          [0m│[36m                          [0m│          │ QLD | PAY BLANK ACME CORP PTY LTD 0056497382518 | Salary Payment ATO     │ | Auto Payment UTILITIES AGL 87840P85943944 | BPAY Payment BILLER60279   │
│[1m          [0m│[36m                          [0m│          │ 30175P32361415 | Online Purchase amazon.com.au AUS | Salary Payment ATO  │ CRN 9013018480 | Professional Services Red Energy 68073P31959417 | Card  │
│[1m          [0m│[36m                          [0m│          │ 2877361801616 | Transfer To Vicks Account NetBank 54381P09841102 |       │ Purchase RED ROOSTER Paramatta SA | Credit Card Payment CC               │
│[1m          [0m│[36m                          [0m│          │ Transfer To Western Port Merina NetBank from Tod | Centrileink Job       │ 72599P33283298 | EFTPOS Cash Out PRICELINE PHARMACY BRISBANE QLD | Card  │
│[1m          [0m│[36m                          [0m│          │ Seeker 59302P58000878 | International Transaction Fee | Invoice Payment  │ Purchase CHEMIST WAREHOUSE DISCOUNT Richmo | Online Purchase             │
│[1m          [0m│[36m                          [0m│          │ HARVEY NORMAN FLAGSHIP PTY LTD. | International Transaction Fee          │ amazon.com.au AUS | Transfer To Vicks Account NetBank 54381P90841102 |   │
│[1m          [0m│[36m                          [0m│          │                                                                          │ Transfer To Western Port Marina NetBank From Tod | Subscription Netflix  │
│[1m          [0m│[36m                          [0m│          │                                                                          │ 33586P77385123 | Contactless Payment Cinema CAIRNS QLD | Auto Payment    │
│[1m          [0m│[36m                          [0m│          │                                                                          │ UTILITIES Red Energy 15107P21771655 | Contactless Payment Restaurant     │
│[1m          [0m│[36m                          [0m│          │                                                                          │ MACKAY QLD | International Transaction Fee | Equipment Purchase          │
│[1m          [0m│[36m                          [0m│          │                                                                          │ OfficeMax Australia 13554P45 | International ATM USA USD | Invoice       │
│[1m          [0m│[36m                          [0m│          │                                                                          │ Payment HARVEY NORMAN FLAGSHIP PTY LTD | Online Purchase ebay.com.au AUS │
│[1m          [0m│[36m                          [0m│          │                                                                          │ | Subscription Spotify Monthly 15369P56427775 | International            │
│[1m          [0m│[36m                          [0m│          │                                                                          │ Transaction Fee | Business Expense IT Equipment 66969P86141679 | Auto    │
│[1m          [0m│[36m                          [0m│          │                                                                          │ Payment UTILITIES Energy Australia 47683P7 | Auto Payment UTILITIES Red  │
│[1m          [0m│[36m                          [0m│          │                                                                          │ Energy 81338P61572286                                                    │
│[1m [0m[1;31m✗ FAIL[0m[1m  [0m[1m [0m│[36m [0m[36mTRANSACTION_AMOUNTS_PAID[0m[36m [0m│     6.5% │ $322.18 | $6849.79 | $45.04 | $37.88 | $270.31 | $221.60 | $4456.48 |    │ $322.18 | $64.33 | $649.79 | $1365.43 | $199.17 | $45.04 | $257.50 |     │
│[1m          [0m│[36m                          [0m│          │ $7951.93 | $83.78 | $68013.70 | $2345.10 | $728.48 | $2241.39 | $27.06 | │ $37.98 | $2457.87 | $270.31 | $1967.09 | $221.60 | $222.56 | $83.78 |    │
│[1m          [0m│[36m                          [0m│          │ $229.39 | $33.83                                                         │ $2345.10 | $726.48 | $201.14 | $211.28 | $33.24 | $145.70 | $27.06 |     │
│[1m          [0m│[36m                          [0m│          │                                                                          │ $478.89 | $260.71 | $229.39 | $297.95 | $186.22 | $33.83 | $925.18 |     │
│[1m          [0m│[36m                          [0m│          │                                                                          │ $91.94 | $388.67                                                         │
└──────────┴──────────────────────────┴──────────┴──────────────────────────────────────────────────────────────────────────┴──────────────────────────────────────────────────────────────────────────┘
[92m──────────────────────────────────────────────────────────────────────────────────────────── [0m[1;34mBATCH SUMMARY[0m[92m ─────────────────────────────────────────────────────────────────────────────────────────────[0m
[36mTotal:[0m [1;36m13[0m images
[32mSuccessful:[0m [1;36m13[0m
[2mFailed:[0m [1;36m0[0m

[1mAccuracy Statistics:[0m
  Average: [1;33m69.5[0m[33m%[0m
  Min: [1;36m23.9[0m%
  Max: [1;36m100.0[0m%
[92m────────────────────────────────────────────────────────────────────────────────────────── [0m[1;34mGENERATING REPORTS[0m[92m ──────────────────────────────────────────────────────────────────────────────────────────[0m

[1;32m✓ Batch processing complete![0m
