nohup: ignoring input
[2026-04-03 06:06:24] Starting WildReceipt benchmark suite
[2026-04-03 06:06:24] Data dir: ../data/wildreceipt
[2026-04-03 06:06:24] 
[2026-04-03 06:06:24] =================================================================
[2026-04-03 06:06:24] Model: internvl3 | Env: LMM_POC_IVL3.5 | Output: evaluation_data/output/wildreceipt_ivl35_8b
[2026-04-03 06:06:24] =================================================================
WildReceipt Benchmark | Models: internvl3 | Data: ../data/wildreceipt

============================================================
Benchmarking: internvl3
============================================================
Loaded 472 ground truth entries
Found 472 images on disk
Evaluating 472 images with model: internvl3
Model path from run_config.yml: /home/jovyan/nfs_share/models/InternVL3_5-8B
Prompt: 571 chars
Saving raw responses to evaluation_data/output/wildreceipt_ivl35_8b/responses_internvl3.jsonl

Loading model from: /home/jovyan/nfs_share/models/InternVL3_5-8B
⠙ Model loaded!
⚡ Flash Attention 2: ✅ native (flash-attn package)
                           GPU Status                            
┏━━━━━━━━━━━━━━━━┳━━━━━━━━━┳━━━━━━━━━━━┳━━━━━━━━━━┳━━━━━━━━━━━━━┓
┃ GPU            ┃   Total ┃ Allocated ┃ Reserved ┃ Utilization ┃
┡━━━━━━━━━━━━━━━━╇━━━━━━━━━╇━━━━━━━━━━━╇━━━━━━━━━━╇━━━━━━━━━━━━━┩
│ 0: NVIDIA L40S │ 44.4 GB │   7.48 GB │  7.50 GB │       16.9% │
│ 1: NVIDIA L40S │ 44.4 GB │   8.41 GB │  8.44 GB │       19.0% │
└────────────────┴─────────┴───────────┴──────────┴─────────────┘
