[2mLogging to: output/batch_internvl3_5_8b.log[0m
[92m─────────────────────────────────────────────────────────────────────────────── [0m[1;34mUNIFIED BANK STATEMENT BATCH EXTRACTION[0m[92m ────────────────────────────────────────────────────────────────────────────────[0m
[36mModel:[0m internvl3_5_8b
[36mData directory:[0m evaluation_data/bank
[36mBalance correction:[0m enabled

[33mLoading ground truth[0m[33m...[0m
  [33mWarning: Image not found: evaluation_data/bank/nab_classic_highligted.png[0m
  [33mWarning: Image not found: evaluation_data/bank/westpac_debit_credit.png[0m
  [33mWarning: Image not found: evaluation_data/bank/cba_home_loan.png[0m

[32mFound [0m[1;32m12[0m[32m bank statement images[0m

[33mLoading model[0m[33m...[0m
[36mLoading model:[0m InternVL3.[1;36m5[0m-8B [1m([0mbfloat16, H200[1m)[0m
  Path: [35m/home/jovyan/nfs_share/models/[0m[95mInternVL3_5-8B[0m
  Type: internvl3
  Quantization: none
  Dtype: bfloat16
[32mModel loaded successfully![0m
[32mExtractor created:[0m [33mmax_tiles[0m=[1;36m12[0m, [33minput_size[0m=[1;36m448[0m
[92m─────────────────────────────────────────────────────────────────────────────────────────── [0m[1;34mBATCH PROCESSING[0m[92m ───────────────────────────────────────────────────────────────────────────────────────────[0m

[1;36m[[0m[1;36m1[0m[1;36m/[0m[1;36m12[0m[1;36m][0m Processing: [37mcba_date_grouped.png[0m
  [32mAccuracy: [0m[1;32m98.9[0m[32m%[0m  Time: [1;36m76.[0m25s
[3m                                                            Field Comparison                                                            [0m
┏━━━━━━━━━━┳━━━━━━━━━━━━━━━━━━━━━━━━━━┳━━━━━━━━━━┳━━━━━━━━━━━━━━━━━━━━━━━━━━━━━━━━━━━━━━━━━━┳━━━━━━━━━━━━━━━━━━━━━━━━━━━━━━━━━━━━━━━━━━┓
┃[1m [0m[1mStatus  [0m[1m [0m┃[1m [0m[1mField                   [0m[1m [0m┃[1m [0m[1m      F1[0m[1m [0m┃[1m [0m[1mExtracted                               [0m[1m [0m┃[1m [0m[1mGround Truth                            [0m[1m [0m┃
┡━━━━━━━━━━╇━━━━━━━━━━━━━━━━━━━━━━━━━━╇━━━━━━━━━━╇━━━━━━━━━━━━━━━━━━━━━━━━━━━━━━━━━━━━━━━━━━╇━━━━━━━━━━━━━━━━━━━━━━━━━━━━━━━━━━━━━━━━━━┩
│[1m [0m[1;32mOK[0m[1m      [0m[1m [0m│[36m [0m[36mDOCUMENT_TYPE           [0m[36m [0m│   100.0% │ BANK_STATEMENT                           │ BANK_STATEMENT                           │
│[1m [0m[1;32mOK[0m[1m      [0m[1m [0m│[36m [0m[36mSTATEMENT_DATE_RANGE    [0m[36m [0m│   100.0% │ 15 Mar 2024 - 14 Apr 2024                │ 15 Mar 2024 - 14 Apr 2024                │
│[1m [0m[1;32mOK[0m[1m      [0m[1m [0m│[36m [0m[36mTRANSACTION_DATES       [0m[36m [0m│   100.0% │ 18 Mar 2024 | 19 Mar 2024 | 20 Mar 2024  │ 18 Mar 2024 | 19 Mar 2024 | 20 Mar 2024  │
│[1m          [0m│[36m                          [0m│          │ | 22 Mar 2024 | 28 Mar 2024 | 03 Apr     │ | 22 Mar 2024 | 28 Mar 2024 | 03 Apr     │
│[1m          [0m│[36m                          [0m│          │ 202...                                   │ 202...                                   │
│[1m [0m[1;33mPART[0m[1m    [0m[1m [0m│[36m [0m[36mLINE_ITEM_DESCRIPTIONS  [0m[36m [0m│    94.7% │ TELSTRA MOBILE SERVICES SYDNEY AUS |     │ TELSTRA MOBILE SERVICES SYDNEY AUS |     │
│[1m          [0m│[36m                          [0m│          │ WOOLWORTHS 2847 MELBOURNE VIC AUS |      │ WOOLWORTHS 2847 MELBOURNE VIC AUS |      │
│[1m          [0m│[36m                          [0m│          │ SHELL S...                               │ SHELL S...                               │
│[1m [0m[1;32mOK[0m[1m      [0m[1m [0m│[36m [0m[36mTRANSACTION_AMOUNTS_PAID[0m[36m [0m│   100.0% │ 48.50 | 127.35 | 89.60 | 22.99 | 18.50 | │ $48.50 | $127.35 | $89.60 | $22.99 |     │
│[1m          [0m│[36m                          [0m│          │ 2,000.00 | 156.78 | 15.00 | 1,850.00 |   │ $18.50 | $2000.00 | $156.78 | $15.00 |   │
│[1m          [0m│[36m                          [0m│          │ ...                                      │ $185...                                  │
└──────────┴──────────────────────────┴──────────┴──────────────────────────────────────────┴──────────────────────────────────────────┘

[1;36m[[0m[1;36m2[0m[1;36m/[0m[1;36m12[0m[1;36m][0m Processing: [37mcba_date_grouped_cont.png[0m
  [31mAccuracy: [0m[1;31m47.5[0m[31m%[0m  Time: [1;36m115.[0m61s
[3m                                                            Field Comparison                                                            [0m
┏━━━━━━━━━━┳━━━━━━━━━━━━━━━━━━━━━━━━━━┳━━━━━━━━━━┳━━━━━━━━━━━━━━━━━━━━━━━━━━━━━━━━━━━━━━━━━━┳━━━━━━━━━━━━━━━━━━━━━━━━━━━━━━━━━━━━━━━━━━┓
┃[1m [0m[1mStatus  [0m[1m [0m┃[1m [0m[1mField                   [0m[1m [0m┃[1m [0m[1m      F1[0m[1m [0m┃[1m [0m[1mExtracted                               [0m[1m [0m┃[1m [0m[1mGround Truth                            [0m[1m [0m┃
┡━━━━━━━━━━╇━━━━━━━━━━━━━━━━━━━━━━━━━━╇━━━━━━━━━━╇━━━━━━━━━━━━━━━━━━━━━━━━━━━━━━━━━━━━━━━━━━╇━━━━━━━━━━━━━━━━━━━━━━━━━━━━━━━━━━━━━━━━━━┩
│[1m [0m[1;32mOK[0m[1m      [0m[1m [0m│[36m [0m[36mDOCUMENT_TYPE           [0m[36m [0m│   100.0% │ BANK_STATEMENT                           │ BANK_STATEMENT                           │
│[1m [0m[1;32mOK[0m[1m      [0m[1m [0m│[36m [0m[36mSTATEMENT_DATE_RANGE    [0m[36m [0m│   100.0% │ 16 Apr 2024 - 26 May 2024                │ 16 Apr 2024 - 26 May 2024                │
│[1m [0m[1;31mFAIL[0m[1m    [0m[1m [0m│[36m [0m[36mTRANSACTION_DATES       [0m[36m [0m│    12.5% │ 16 Apr 2024 | 20 Apr 2024 | 22 Apr 2024  │ 16 Apr 2024 | 18 Apr 2024 | 20 Apr 2024  │
│[1m          [0m│[36m                          [0m│          │ | 26 Apr 2024 | 28 Apr 2024 | 03 May     │ | 22 Apr 2024 | 26 Apr 2024 | 28 Apr     │
│[1m          [0m│[36m                          [0m│          │ 202...                                   │ 202...                                   │
│[1m [0m[1;31mFAIL[0m[1m    [0m[1m [0m│[36m [0m[36mLINE_ITEM_DESCRIPTIONS  [0m[36m [0m│    12.5% │ RESTAURANT DINING SOUTHBANK VIC A | GYM  │ RESTAURANT DINING SOUTHBANK VIC A |      │
│[1m          [0m│[36m                          [0m│          │ MEMBERSHIP FITNESS FIRST VIC AU A |      │ BOOKSTORE MELBOURNE CBD AU AUS | GYM     │
│[1m          [0m│[36m                          [0m│          │ AUTO...                                  │ MEMBERS...                               │
│[1m [0m[1;31mFAIL[0m[1m    [0m[1m [0m│[36m [0m[36mTRANSACTION_AMOUNTS_PAID[0m[36m [0m│    12.5% │ 185.00 | 79.99 | 245.00 | 124.85 |       │ $185.00 | $67.40 | $79.99 | $245.00 |    │
│[1m          [0m│[36m                          [0m│          │ 399.00 | 200.00 | 150.00 | 400.00 |      │ $124.85 | $399.00 | $200.00 | $150.00 |  │
│[1m          [0m│[36m                          [0m│          │ 42.30 | 8...                             │ $4...                                    │
└──────────┴──────────────────────────┴──────────┴──────────────────────────────────────────┴──────────────────────────────────────────┘

[1;36m[[0m[1;36m3[0m[1;36m/[0m[1;36m12[0m[1;36m][0m Processing: [37mtransaction_summary.png[0m
  [32mAccuracy: [0m[1;32m100.0[0m[32m%[0m  Time: [1;36m71.[0m42s
[3m                                                            Field Comparison                                                            [0m
┏━━━━━━━━━━┳━━━━━━━━━━━━━━━━━━━━━━━━━━┳━━━━━━━━━━┳━━━━━━━━━━━━━━━━━━━━━━━━━━━━━━━━━━━━━━━━━━┳━━━━━━━━━━━━━━━━━━━━━━━━━━━━━━━━━━━━━━━━━━┓
┃[1m [0m[1mStatus  [0m[1m [0m┃[1m [0m[1mField                   [0m[1m [0m┃[1m [0m[1m      F1[0m[1m [0m┃[1m [0m[1mExtracted                               [0m[1m [0m┃[1m [0m[1mGround Truth                            [0m[1m [0m┃
┡━━━━━━━━━━╇━━━━━━━━━━━━━━━━━━━━━━━━━━╇━━━━━━━━━━╇━━━━━━━━━━━━━━━━━━━━━━━━━━━━━━━━━━━━━━━━━━╇━━━━━━━━━━━━━━━━━━━━━━━━━━━━━━━━━━━━━━━━━━┩
│[1m [0m[1;32mOK[0m[1m      [0m[1m [0m│[36m [0m[36mDOCUMENT_TYPE           [0m[36m [0m│   100.0% │ BANK_STATEMENT                           │ BANK_STATEMENT                           │
│[1m [0m[1;32mOK[0m[1m      [0m[1m [0m│[36m [0m[36mSTATEMENT_DATE_RANGE    [0m[36m [0m│   100.0% │ 20 Feb 2024 - 18 Apr 2024                │ 20 Feb 2024 - 18 Apr 2024                │
│[1m [0m[1;32mOK[0m[1m      [0m[1m [0m│[36m [0m[36mTRANSACTION_DATES       [0m[36m [0m│   100.0% │ 02 Mar 2024 | 28 Mar 2024 | 30 Mar 2024  │ 02 Mar 2024 | 28 Mar 2024 | 30 Mar 2024  │
│[1m          [0m│[36m                          [0m│          │ | 02 Apr 2024                            │ | 02 Apr 2024                            │
│[1m [0m[1;32mOK[0m[1m      [0m[1m [0m│[36m [0m[36mLINE_ITEM_DESCRIPTIONS  [0m[36m [0m│   100.0% │ Payment | Payment | Instalment Payment | │ Payment | Payment | Instalment Payment | │
│[1m          [0m│[36m                          [0m│          │ Instalment Payment                       │ Instalment Payment                       │
│[1m [0m[1;32mOK[0m[1m      [0m[1m [0m│[36m [0m[36mTRANSACTION_AMOUNTS_PAID[0m[36m [0m│   100.0% │ -$450.00 | -$685.00 | -$45.20 | -$128.75 │ -$450.00 | -$685.00 | -$45.20 | -$128.75 │
└──────────┴──────────────────────────┴──────────┴──────────────────────────────────────────┴──────────────────────────────────────────┘

[1;36m[[0m[1;36m4[0m[1;36m/[0m[1;36m12[0m[1;36m][0m Processing: [37mcba_highligted.png[0m
  [32mAccuracy: [0m[1;32m100.0[0m[32m%[0m  Time: [1;36m50.[0m11s
[3m                                                            Field Comparison                                                            [0m
┏━━━━━━━━━━┳━━━━━━━━━━━━━━━━━━━━━━━━━━┳━━━━━━━━━━┳━━━━━━━━━━━━━━━━━━━━━━━━━━━━━━━━━━━━━━━━━━┳━━━━━━━━━━━━━━━━━━━━━━━━━━━━━━━━━━━━━━━━━━┓
┃[1m [0m[1mStatus  [0m[1m [0m┃[1m [0m[1mField                   [0m[1m [0m┃[1m [0m[1m      F1[0m[1m [0m┃[1m [0m[1mExtracted                               [0m[1m [0m┃[1m [0m[1mGround Truth                            [0m[1m [0m┃
┡━━━━━━━━━━╇━━━━━━━━━━━━━━━━━━━━━━━━━━╇━━━━━━━━━━╇━━━━━━━━━━━━━━━━━━━━━━━━━━━━━━━━━━━━━━━━━━╇━━━━━━━━━━━━━━━━━━━━━━━━━━━━━━━━━━━━━━━━━━┩
│[1m [0m[1;32mOK[0m[1m      [0m[1m [0m│[36m [0m[36mDOCUMENT_TYPE           [0m[36m [0m│   100.0% │ BANK_STATEMENT                           │ BANK_STATEMENT                           │
│[1m [0m[1;32mOK[0m[1m      [0m[1m [0m│[36m [0m[36mSTATEMENT_DATE_RANGE    [0m[36m [0m│   100.0% │ 21 Mar - 03 Apr 2024                     │ 21 Mar - 03 Apr 2024                     │
│[1m [0m[1;32mOK[0m[1m      [0m[1m [0m│[36m [0m[36mTRANSACTION_DATES       [0m[36m [0m│   100.0% │ 23 Mar | 02 Apr                          │ 23 Mar | 02 Apr                          │
│[1m [0m[1;32mOK[0m[1m      [0m[1m [0m│[36m [0m[36mLINE_ITEM_DESCRIPTIONS  [0m[36m [0m│   100.0% │ Salary CORPORATION PTY LTD BANK ACCOUNT  │ Salary CORPORATION PTY LTD BANK ACCOUNT  │
│[1m          [0m│[36m                          [0m│          │ | Transfer to xx9876 CommBank app        │ | Transfer to xx9876 CommBank app        │
│[1m [0m[1;32mOK[0m[1m      [0m[1m [0m│[36m [0m[36mTRANSACTION_AMOUNTS_PAID[0m[36m [0m│   100.0% │ 2,145.80 | 4,200.00                      │ $2145.80 | $4200.00                      │
└──────────┴──────────────────────────┴──────────┴──────────────────────────────────────────┴──────────────────────────────────────────┘

[1;36m[[0m[1;36m5[0m[1;36m/[0m[1;36m12[0m[1;36m][0m Processing: [37mlow_contrast.png[0m
  [32mAccuracy: [0m[1;32m97.3[0m[32m%[0m  Time: [1;36m75.[0m64s
[3m                                                            Field Comparison                                                            [0m
┏━━━━━━━━━━┳━━━━━━━━━━━━━━━━━━━━━━━━━━┳━━━━━━━━━━┳━━━━━━━━━━━━━━━━━━━━━━━━━━━━━━━━━━━━━━━━━━┳━━━━━━━━━━━━━━━━━━━━━━━━━━━━━━━━━━━━━━━━━━┓
┃[1m [0m[1mStatus  [0m[1m [0m┃[1m [0m[1mField                   [0m[1m [0m┃[1m [0m[1m      F1[0m[1m [0m┃[1m [0m[1mExtracted                               [0m[1m [0m┃[1m [0m[1mGround Truth                            [0m[1m [0m┃
┡━━━━━━━━━━╇━━━━━━━━━━━━━━━━━━━━━━━━━━╇━━━━━━━━━━╇━━━━━━━━━━━━━━━━━━━━━━━━━━━━━━━━━━━━━━━━━━╇━━━━━━━━━━━━━━━━━━━━━━━━━━━━━━━━━━━━━━━━━━┩
│[1m [0m[1;32mOK[0m[1m      [0m[1m [0m│[36m [0m[36mDOCUMENT_TYPE           [0m[36m [0m│   100.0% │ BANK_STATEMENT                           │ BANK_STATEMENT                           │
│[1m [0m[1;32mOK[0m[1m      [0m[1m [0m│[36m [0m[36mSTATEMENT_DATE_RANGE    [0m[36m [0m│   100.0% │ 05 Sep 2023 - 10 Sep 2023                │ 05 Sep 2023 - 10 Sep 2023                │
│[1m [0m[1;33mPART[0m[1m    [0m[1m [0m│[36m [0m[36mTRANSACTION_DATES       [0m[36m [0m│    89.7% │ 05 Sep 2023 | 06 Sep 2023 | 06 Sep 2023  │ 05 Sep 2023 | 06 Sep 2023 | 06 Sep 2023  │
│[1m          [0m│[36m                          [0m│          │ | 07 Sep 2023 | 07 Sep 2023 | 07 Sep     │ | 07 Sep 2023 | 07 Sep 2023 | 07 Sep     │
│[1m          [0m│[36m                          [0m│          │ 202...                                   │ 202...                                   │
│[1m [0m[1;33mPART[0m[1m    [0m[1m [0m│[36m [0m[36mLINE_ITEM_DESCRIPTIONS  [0m[36m [0m│    96.8% │ Otr Supermarket 9876 Sydney Aus | Otr    │ Otr Supermarket 9876 Sydney Aus | Otr    │
│[1m          [0m│[36m                          [0m│          │ Convenience 4321 Melbourne Aus | Otr     │ Convenience 4321 Melbourne Aus | Otr     │
│[1m          [0m│[36m                          [0m│          │ Conve...                                 │ Conve...                                 │
│[1m [0m[1;32mOK[0m[1m      [0m[1m [0m│[36m [0m[36mTRANSACTION_AMOUNTS_PAID[0m[36m [0m│   100.0% │ 45.80 | 28.45 | 15.90 | 12.35 | 34.60 |  │ $45.80 | $28.45 | $15.90 | $12.35 |      │
│[1m          [0m│[36m                          [0m│          │ 67.00 | 89.00 | 23.50 | 156.95 | 245.00  │ $34.60 | $67.00 | $89.00 | $23.50 |      │
│[1m          [0m│[36m                          [0m│          │ ...                                      │ $156.95 ...                              │
└──────────┴──────────────────────────┴──────────┴──────────────────────────────────────────┴──────────────────────────────────────────┘

[1;36m[[0m[1;36m6[0m[1;36m/[0m[1;36m12[0m[1;36m][0m Processing: [37mcba_amount_balance.png[0m
  [32mAccuracy: [0m[1;32m88.0[0m[32m%[0m  Time: [1;36m101.[0m08s
[3m                                                            Field Comparison                                                            [0m
┏━━━━━━━━━━┳━━━━━━━━━━━━━━━━━━━━━━━━━━┳━━━━━━━━━━┳━━━━━━━━━━━━━━━━━━━━━━━━━━━━━━━━━━━━━━━━━━┳━━━━━━━━━━━━━━━━━━━━━━━━━━━━━━━━━━━━━━━━━━┓
┃[1m [0m[1mStatus  [0m[1m [0m┃[1m [0m[1mField                   [0m[1m [0m┃[1m [0m[1m      F1[0m[1m [0m┃[1m [0m[1mExtracted                               [0m[1m [0m┃[1m [0m[1mGround Truth                            [0m[1m [0m┃
┡━━━━━━━━━━╇━━━━━━━━━━━━━━━━━━━━━━━━━━╇━━━━━━━━━━╇━━━━━━━━━━━━━━━━━━━━━━━━━━━━━━━━━━━━━━━━━━╇━━━━━━━━━━━━━━━━━━━━━━━━━━━━━━━━━━━━━━━━━━┩
│[1m [0m[1;32mOK[0m[1m      [0m[1m [0m│[36m [0m[36mDOCUMENT_TYPE           [0m[36m [0m│   100.0% │ BANK_STATEMENT                           │ BANK_STATEMENT                           │
│[1m [0m[1;32mOK[0m[1m      [0m[1m [0m│[36m [0m[36mSTATEMENT_DATE_RANGE    [0m[36m [0m│   100.0% │ 03 Jun 2023 - 14 Jun 2023                │ 03 Jun 2023 - 14 Jun 2023                │
│[1m [0m[1;32mOK[0m[1m      [0m[1m [0m│[36m [0m[36mTRANSACTION_DATES       [0m[36m [0m│   100.0% │ 03 Jun 2023 | 04 Jun 2023 | 06 Jun 2023  │ 03 Jun 2023 | 04 Jun 2023 | 06 Jun 2023  │
│[1m          [0m│[36m                          [0m│          │ | 06 Jun 2023 | 07 Jun 2023 | 08 Jun     │ | 06 Jun 2023 | 07 Jun 2023 | 08 Jun     │
│[1m          [0m│[36m                          [0m│          │ 202...                                   │ 202...                                   │
│[1m [0m[1;31mFAIL[0m[1m    [0m[1m [0m│[36m [0m[36mLINE_ITEM_DESCRIPTIONS  [0m[36m [0m│    40.0% │ GROCERY MARKET SUBURB NSW AUS |          │ GROCERY MARKET SUBURB NSW AUS Card       │
│[1m          [0m│[36m                          [0m│          │ DEPARTMENT STORE SHOPPING DIST NS AUS |  │ xx5678 | DEPARTMENT STORE SHOPPING DIST  │
│[1m          [0m│[36m                          [0m│          │ CAFE CEN...                              │ NS AU...                                 │
│[1m [0m[1;32mOK[0m[1m      [0m[1m [0m│[36m [0m[36mTRANSACTION_AMOUNTS_PAID[0m[36m [0m│   100.0% │ -$78.90 | -$345.80 | -$24.50 | -$31.20 | │ -$78.90 | -$345.80 | -$24.50 | -$31.20 | │
│[1m          [0m│[36m                          [0m│          │ -$18.95 | -$95.40 | -$28.60 | -$89.00    │ -$18.95 | -$95.40 | -$28.60 | -$89.00    │
│[1m          [0m│[36m                          [0m│          │ |...                                     │ |...                                     │
└──────────┴──────────────────────────┴──────────┴──────────────────────────────────────────┴──────────────────────────────────────────┘

[1;36m[[0m[1;36m7[0m[1;36m/[0m[1;36m12[0m[1;36m][0m Processing: [37mcba_debit_credit.png[0m
  [32mAccuracy: [0m[1;32m97.8[0m[32m%[0m  Time: [1;36m62.[0m32s
[3m                                                            Field Comparison                                                            [0m
┏━━━━━━━━━━┳━━━━━━━━━━━━━━━━━━━━━━━━━━┳━━━━━━━━━━┳━━━━━━━━━━━━━━━━━━━━━━━━━━━━━━━━━━━━━━━━━━┳━━━━━━━━━━━━━━━━━━━━━━━━━━━━━━━━━━━━━━━━━━┓
┃[1m [0m[1mStatus  [0m[1m [0m┃[1m [0m[1mField                   [0m[1m [0m┃[1m [0m[1m      F1[0m[1m [0m┃[1m [0m[1mExtracted                               [0m[1m [0m┃[1m [0m[1mGround Truth                            [0m[1m [0m┃
┡━━━━━━━━━━╇━━━━━━━━━━━━━━━━━━━━━━━━━━╇━━━━━━━━━━╇━━━━━━━━━━━━━━━━━━━━━━━━━━━━━━━━━━━━━━━━━━╇━━━━━━━━━━━━━━━━━━━━━━━━━━━━━━━━━━━━━━━━━━┩
│[1m [0m[1;32mOK[0m[1m      [0m[1m [0m│[36m [0m[36mDOCUMENT_TYPE           [0m[36m [0m│   100.0% │ BANK_STATEMENT                           │ BANK_STATEMENT                           │
│[1m [0m[1;32mOK[0m[1m      [0m[1m [0m│[36m [0m[36mSTATEMENT_DATE_RANGE    [0m[36m [0m│   100.0% │ 20 May - 24 May                          │ 20 May - 24 May                          │
│[1m [0m[1;32mOK[0m[1m      [0m[1m [0m│[36m [0m[36mTRANSACTION_DATES       [0m[36m [0m│   100.0% │ 20 May | 21 May | 21 May | 21 May | 21   │ 20 May | 21 May | 21 May | 21 May | 21   │
│[1m          [0m│[36m                          [0m│          │ May | 21 May | 21 May | 22 May | 22 May  │ May | 21 May | 21 May | 22 May | 22 May  │
│[1m          [0m│[36m                          [0m│          │ |...                                     │ |...                                     │
│[1m [0m[1;33mPART[0m[1m    [0m[1m [0m│[36m [0m[36mLINE_ITEM_DESCRIPTIONS  [0m[36m [0m│    88.9% │ Direct Debit 987654 Loan Repayment       │ Direct Debit 987654 Loan Repayment |     │
│[1m          [0m│[36m                          [0m│          │ 234567 | RETAIL STORE SUBURB AU |        │ RETAIL STORE SUBURB AU | SUPERMARKET     │
│[1m          [0m│[36m                          [0m│          │ SUPERMARKET...                           │ SHOPPI...                                │
│[1m [0m[1;32mOK[0m[1m      [0m[1m [0m│[36m [0m[36mTRANSACTION_AMOUNTS_PAID[0m[36m [0m│   100.0% │ 178.50 | 245.00 | 89.95 | 34.50 | 67.00  │ $178.50 | $245.00 | $89.95 | $34.50 |    │
│[1m          [0m│[36m                          [0m│          │ | 145.80 | 450.00 | 124.00 | 78.90 |     │ $67.00 | $145.80 | $450.00 | $124.00 |   │
│[1m          [0m│[36m                          [0m│          │ 56....                                   │ $78...                                   │
└──────────┴──────────────────────────┴──────────┴──────────────────────────────────────────┴──────────────────────────────────────────┘

[1;36m[[0m[1;36m8[0m[1;36m/[0m[1;36m12[0m[1;36m][0m Processing: [37mimage_003.png[0m
  [32mAccuracy: [0m[1;32m100.0[0m[32m%[0m  Time: [1;36m55.[0m54s
[3m                                                            Field Comparison                                                            [0m
┏━━━━━━━━━━┳━━━━━━━━━━━━━━━━━━━━━━━━━━┳━━━━━━━━━━┳━━━━━━━━━━━━━━━━━━━━━━━━━━━━━━━━━━━━━━━━━━┳━━━━━━━━━━━━━━━━━━━━━━━━━━━━━━━━━━━━━━━━━━┓
┃[1m [0m[1mStatus  [0m[1m [0m┃[1m [0m[1mField                   [0m[1m [0m┃[1m [0m[1m      F1[0m[1m [0m┃[1m [0m[1mExtracted                               [0m[1m [0m┃[1m [0m[1mGround Truth                            [0m[1m [0m┃
┡━━━━━━━━━━╇━━━━━━━━━━━━━━━━━━━━━━━━━━╇━━━━━━━━━━╇━━━━━━━━━━━━━━━━━━━━━━━━━━━━━━━━━━━━━━━━━━╇━━━━━━━━━━━━━━━━━━━━━━━━━━━━━━━━━━━━━━━━━━┩
│[1m [0m[1;32mOK[0m[1m      [0m[1m [0m│[36m [0m[36mDOCUMENT_TYPE           [0m[36m [0m│   100.0% │ BANK_STATEMENT                           │ BANK_STATEMENT                           │
│[1m [0m[1;32mOK[0m[1m      [0m[1m [0m│[36m [0m[36mSTATEMENT_DATE_RANGE    [0m[36m [0m│   100.0% │ 03/05/2025 - 10/05/2025                  │ 03/05/2025 - 10/05/2025                  │
│[1m [0m[1;32mOK[0m[1m      [0m[1m [0m│[36m [0m[36mTRANSACTION_DATES       [0m[36m [0m│   100.0% │ 03/05/2025 | 04/05/2025 | 05/05/2025 |   │ 03/05/2025 | 04/05/2025 | 05/05/2025 |   │
│[1m          [0m│[36m                          [0m│          │ 07/05/2025 | 08/05/2025 | 10/05/2025     │ 07/05/2025 | 08/05/2025 | 10/05/2025     │
│[1m [0m[1;32mOK[0m[1m      [0m[1m [0m│[36m [0m[36mLINE_ITEM_DESCRIPTIONS  [0m[36m [0m│   100.0% │ ONLINE PURCHASE AMAZON AU | EFTPOS       │ ONLINE PURCHASE AMAZON AU | EFTPOS       │
│[1m          [0m│[36m                          [0m│          │ PURCHASE COLES EXP | EFTPOS PURCHASE     │ PURCHASE COLES EXP | EFTPOS PURCHASE     │
│[1m          [0m│[36m                          [0m│          │ COLES EX...                              │ COLES EX...                              │
│[1m [0m[1;32mOK[0m[1m      [0m[1m [0m│[36m [0m[36mTRANSACTION_AMOUNTS_PAID[0m[36m [0m│   100.0% │ $288.03 | $22.50 | $114.66 | $187.59 |   │ $288.03 | $22.50 | $114.66 | $187.59 |   │
│[1m          [0m│[36m                          [0m│          │ $112.50 | $146.72                        │ $112.50 | $146.72                        │
└──────────┴──────────────────────────┴──────────┴──────────────────────────────────────────┴──────────────────────────────────────────┘

[1;36m[[0m[1;36m9[0m[1;36m/[0m[1;36m12[0m[1;36m][0m Processing: [37mimage_009.png[0m
  [31mAccuracy: [0m[1;31m40.0[0m[31m%[0m  Time: [1;36m100.[0m10s
[3m                                                            Field Comparison                                                            [0m
┏━━━━━━━━━━┳━━━━━━━━━━━━━━━━━━━━━━━━━━┳━━━━━━━━━━┳━━━━━━━━━━━━━━━━━━━━━━━━━━━━━━━━━━━━━━━━━━┳━━━━━━━━━━━━━━━━━━━━━━━━━━━━━━━━━━━━━━━━━━┓
┃[1m [0m[1mStatus  [0m[1m [0m┃[1m [0m[1mField                   [0m[1m [0m┃[1m [0m[1m      F1[0m[1m [0m┃[1m [0m[1mExtracted                               [0m[1m [0m┃[1m [0m[1mGround Truth                            [0m[1m [0m┃
┡━━━━━━━━━━╇━━━━━━━━━━━━━━━━━━━━━━━━━━╇━━━━━━━━━━╇━━━━━━━━━━━━━━━━━━━━━━━━━━━━━━━━━━━━━━━━━━╇━━━━━━━━━━━━━━━━━━━━━━━━━━━━━━━━━━━━━━━━━━┩
│[1m [0m[1;32mOK[0m[1m      [0m[1m [0m│[36m [0m[36mDOCUMENT_TYPE           [0m[36m [0m│   100.0% │ BANK_STATEMENT                           │ BANK_STATEMENT                           │
│[1m [0m[1;32mOK[0m[1m      [0m[1m [0m│[36m [0m[36mSTATEMENT_DATE_RANGE    [0m[36m [0m│   100.0% │ 11 Aug 2025 - 04 Sep 2025                │ 11 Aug 2025 - 04 Sep 2025                │
│[1m [0m[1;31mFAIL[0m[1m    [0m[1m [0m│[36m [0m[36mTRANSACTION_DATES       [0m[36m [0m│     0.0% │ Mon 11 Aug 2025 | Mon 11 Aug 2025 | Wed  │ 04 Sep 2025 | 01 Sep 2025 | 31 Aug 2025  │
│[1m          [0m│[36m                          [0m│          │ 13 Aug 2025 | Wed 13 Aug 2025 | Fri 15   │ | 29 Aug 2025 | 27 Aug 2025 | 27 Aug     │
│[1m          [0m│[36m                          [0m│          │ A...                                     │ 202...                                   │
│[1m [0m[1;31mFAIL[0m[1m    [0m[1m [0m│[36m [0m[36mLINE_ITEM_DESCRIPTIONS  [0m[36m [0m│     0.0% │ Transfer To Western Port Marina NetBank  │ Direct Debit DOMINO'S PTY LTD | Monthly  │
│[1m          [0m│[36m                          [0m│          │ | Direct Debit 82572P68016423 MHF 62020  │ Service Fee | Monthly Service Fee | Wdl  │
│[1m          [0m│[36m                          [0m│          │ ...                                      │ ...                                      │
│[1m [0m[1;31mFAIL[0m[1m    [0m[1m [0m│[36m [0m[36mTRANSACTION_AMOUNTS_PAID[0m[36m [0m│     0.0% │ $4374.15 | $214.28 | $51.36 | $228.11 |  │ $117.57 | $17.89 | $18.87 | $241.14 |    │
│[1m          [0m│[36m                          [0m│          │ $245.00 | $3775.28 | $276.31 | $98.53 |  │ $251.33 | $98.53 | $1918.75 | $276.31 |  │
│[1m          [0m│[36m                          [0m│          │ ...                                      │ $6...                                    │
└──────────┴──────────────────────────┴──────────┴──────────────────────────────────────────┴──────────────────────────────────────────┘

[1;36m[[0m[1;36m10[0m[1;36m/[0m[1;36m12[0m[1;36m][0m Processing: [37msynthetic_chrono.png[0m
  [32mAccuracy: [0m[1;32m98.8[0m[32m%[0m  Time: [1;36m244.[0m65s
[3m                                                            Field Comparison                                                            [0m
┏━━━━━━━━━━┳━━━━━━━━━━━━━━━━━━━━━━━━━━┳━━━━━━━━━━┳━━━━━━━━━━━━━━━━━━━━━━━━━━━━━━━━━━━━━━━━━━┳━━━━━━━━━━━━━━━━━━━━━━━━━━━━━━━━━━━━━━━━━━┓
┃[1m [0m[1mStatus  [0m[1m [0m┃[1m [0m[1mField                   [0m[1m [0m┃[1m [0m[1m      F1[0m[1m [0m┃[1m [0m[1mExtracted                               [0m[1m [0m┃[1m [0m[1mGround Truth                            [0m[1m [0m┃
┡━━━━━━━━━━╇━━━━━━━━━━━━━━━━━━━━━━━━━━╇━━━━━━━━━━╇━━━━━━━━━━━━━━━━━━━━━━━━━━━━━━━━━━━━━━━━━━╇━━━━━━━━━━━━━━━━━━━━━━━━━━━━━━━━━━━━━━━━━━┩
│[1m [0m[1;32mOK[0m[1m      [0m[1m [0m│[36m [0m[36mDOCUMENT_TYPE           [0m[36m [0m│   100.0% │ BANK_STATEMENT                           │ BANK_STATEMENT                           │
│[1m [0m[1;32mOK[0m[1m      [0m[1m [0m│[36m [0m[36mSTATEMENT_DATE_RANGE    [0m[36m [0m│   100.0% │ 06/08/2025 - 25/09/2025                  │ 06/08/2025 - 25/09/2025                  │
│[1m [0m[1;32mOK[0m[1m      [0m[1m [0m│[36m [0m[36mTRANSACTION_DATES       [0m[36m [0m│   100.0% │ 06/08/2025 | 09/08/2025 | 09/08/2025 |   │ 06/08/2025 | 09/08/2025 | 09/08/2025 |   │
│[1m          [0m│[36m                          [0m│          │ 11/08/2025 | 11/08/2025 | 12/08/2025 |   │ 11/08/2025 | 11/08/2025 | 12/08/2025 |   │
│[1m          [0m│[36m                          [0m│          │ 15...                                    │ 15...                                    │
│[1m [0m[1;33mPART[0m[1m    [0m[1m [0m│[36m [0m[36mLINE_ITEM_DESCRIPTIONS  [0m[36m [0m│    94.1% │ Online Purchase ebay.com.au AUS | Card   │ Online Purchase ebay.com.au AUS | Card   │
│[1m          [0m│[36m                          [0m│          │ Purchase BIG W HOBART TAS | Auto Payment │ Purchase BIG W HOBART TAS | Auto Payment │
│[1m          [0m│[36m                          [0m│          │ ...                                      │ ...                                      │
│[1m [0m[1;32mOK[0m[1m      [0m[1m [0m│[36m [0m[36mTRANSACTION_AMOUNTS_PAID[0m[36m [0m│   100.0% │ $1809.53 | $1681.17 | $1230.57 | $652.41 │ $1809.53 | $1681.17 | $1230.57 | $652.41 │
│[1m          [0m│[36m                          [0m│          │ | $1220.04 | $1763.38 | $1363.08 |       │ | $1220.04 | $1763.38 | $1363.08 |       │
│[1m          [0m│[36m                          [0m│          │ $166...                                  │ $166...                                  │
└──────────┴──────────────────────────┴──────────┴──────────────────────────────────────────┴──────────────────────────────────────────┘

[1;36m[[0m[1;36m11[0m[1;36m/[0m[1;36m12[0m[1;36m][0m Processing: [37msynthetic_reverse_chrono.png[0m
  [31mAccuracy: [0m[1;31m45.6[0m[31m%[0m  Time: [1;36m235.[0m32s
[3m                                                            Field Comparison                                                            [0m
┏━━━━━━━━━━┳━━━━━━━━━━━━━━━━━━━━━━━━━━┳━━━━━━━━━━┳━━━━━━━━━━━━━━━━━━━━━━━━━━━━━━━━━━━━━━━━━━┳━━━━━━━━━━━━━━━━━━━━━━━━━━━━━━━━━━━━━━━━━━┓
┃[1m [0m[1mStatus  [0m[1m [0m┃[1m [0m[1mField                   [0m[1m [0m┃[1m [0m[1m      F1[0m[1m [0m┃[1m [0m[1mExtracted                               [0m[1m [0m┃[1m [0m[1mGround Truth                            [0m[1m [0m┃
┡━━━━━━━━━━╇━━━━━━━━━━━━━━━━━━━━━━━━━━╇━━━━━━━━━━╇━━━━━━━━━━━━━━━━━━━━━━━━━━━━━━━━━━━━━━━━━━╇━━━━━━━━━━━━━━━━━━━━━━━━━━━━━━━━━━━━━━━━━━┩
│[1m [0m[1;32mOK[0m[1m      [0m[1m [0m│[36m [0m[36mDOCUMENT_TYPE           [0m[36m [0m│   100.0% │ BANK_STATEMENT                           │ BANK_STATEMENT                           │
│[1m [0m[1;32mOK[0m[1m      [0m[1m [0m│[36m [0m[36mSTATEMENT_DATE_RANGE    [0m[36m [0m│   100.0% │ 06/08/2025 - 22/09/2025                  │ 06/08/2025 - 22/09/2025                  │
│[1m [0m[1;31mFAIL[0m[1m    [0m[1m [0m│[36m [0m[36mTRANSACTION_DATES       [0m[36m [0m│     7.1% │ 06/08/2025 | 07/08/2025 | 10/08/2025 |   │ 22/09/2025 | 22/09/2025 | 20/09/2025 |   │
│[1m          [0m│[36m                          [0m│          │ 11/08/2025 | 18/08/2025 | 22/08/2025 |   │ 19/09/2025 | 19/09/2025 | 19/09/2025 |   │
│[1m          [0m│[36m                          [0m│          │ 23...                                    │ 17...                                    │
│[1m [0m[1;31mFAIL[0m[1m    [0m[1m [0m│[36m [0m[36mLINE_ITEM_DESCRIPTIONS  [0m[36m [0m│     7.1% │ Transfer To JOHN SMITH NetBank           │ EFTPOS Purchase COLES SUPERMARKET        │
│[1m          [0m│[36m                          [0m│          │ 20318P97855556 | Subscription Bing       │ ADELAIDE SA | Auto Payment UTILITIES     │
│[1m          [0m│[36m                          [0m│          │ 34704P74378968...                        │ SIMPLY EN...                             │
│[1m [0m[1;31mFAIL[0m[1m    [0m[1m [0m│[36m [0m[36mTRANSACTION_AMOUNTS_PAID[0m[36m [0m│    13.8% │ $1846.96 | $1963.53 | $677.77 | $1656.86 │ $602.76 | $1977.19 | $1341.55 | $1886.20 │
│[1m          [0m│[36m                          [0m│          │ | $432.14 | $1192.24 | $1099.19 |        │ | $639.35 | $237.44 | $932.80 |          │
│[1m          [0m│[36m                          [0m│          │ $1096...                                 │ $933.68...                               │
└──────────┴──────────────────────────┴──────────┴──────────────────────────────────────────┴──────────────────────────────────────────┘

[1;36m[[0m[1;36m12[0m[1;36m/[0m[1;36m12[0m[1;36m][0m Processing: [37msynthetic_multiline.png[0m
  [32mAccuracy: [0m[1;32m97.8[0m[32m%[0m  Time: [1;36m90.[0m65s
[3m                                                            Field Comparison                                                            [0m
┏━━━━━━━━━━┳━━━━━━━━━━━━━━━━━━━━━━━━━━┳━━━━━━━━━━┳━━━━━━━━━━━━━━━━━━━━━━━━━━━━━━━━━━━━━━━━━━┳━━━━━━━━━━━━━━━━━━━━━━━━━━━━━━━━━━━━━━━━━━┓
┃[1m [0m[1mStatus  [0m[1m [0m┃[1m [0m[1mField                   [0m[1m [0m┃[1m [0m[1m      F1[0m[1m [0m┃[1m [0m[1mExtracted                               [0m[1m [0m┃[1m [0m[1mGround Truth                            [0m[1m [0m┃
┡━━━━━━━━━━╇━━━━━━━━━━━━━━━━━━━━━━━━━━╇━━━━━━━━━━╇━━━━━━━━━━━━━━━━━━━━━━━━━━━━━━━━━━━━━━━━━━╇━━━━━━━━━━━━━━━━━━━━━━━━━━━━━━━━━━━━━━━━━━┩
│[1m [0m[1;32mOK[0m[1m      [0m[1m [0m│[36m [0m[36mDOCUMENT_TYPE           [0m[36m [0m│   100.0% │ BANK_STATEMENT                           │ BANK_STATEMENT                           │
│[1m [0m[1;32mOK[0m[1m      [0m[1m [0m│[36m [0m[36mSTATEMENT_DATE_RANGE    [0m[36m [0m│   100.0% │ 08/08/2025 - 30/08/2025                  │ 08/08/2025 - 30/08/2025                  │
│[1m [0m[1;32mOK[0m[1m      [0m[1m [0m│[36m [0m[36mTRANSACTION_DATES       [0m[36m [0m│   100.0% │ 08/08/2025 | 08/08/2025 | 09/08/2025 |   │ 08/08/2025 | 08/08/2025 | 09/08/2025 |   │
│[1m          [0m│[36m                          [0m│          │ 15/08/2025 | 15/08/2025 | 18/08/2025 |   │ 15/08/2025 | 15/08/2025 | 18/08/2025 |   │
│[1m          [0m│[36m                          [0m│          │ 20...                                    │ 20...                                    │
│[1m [0m[1;33mPART[0m[1m    [0m[1m [0m│[36m [0m[36mLINE_ITEM_DESCRIPTIONS  [0m[36m [0m│    88.9% │ Card Purchase K MART Perth WA | ATM      │ Card Purchase KMART PERTH WA | ATM       │
│[1m          [0m│[36m                          [0m│          │ Withdrawal WESTPAC ATM Perth WA |        │ Withdrawal WESTPAC ATM PERTH WA |        │
│[1m          [0m│[36m                          [0m│          │ Contactles...                            │ Contactless...                           │
│[1m [0m[1;32mOK[0m[1m      [0m[1m [0m│[36m [0m[36mTRANSACTION_AMOUNTS_PAID[0m[36m [0m│   100.0% │ $1488.27 | $79.00 | $850.65 | $1215.38 | │ $1488.27 | $79.00 | $850.65 | $1215.38 | │
│[1m          [0m│[36m                          [0m│          │ $1662.22 | $342.06 | $1077.60 |          │ $1662.22 | $342.06 | $1077.60 |          │
│[1m          [0m│[36m                          [0m│          │ $437.75...                               │ $437.75...                               │
└──────────┴──────────────────────────┴──────────┴──────────────────────────────────────────┴──────────────────────────────────────────┘
[92m──────────────────────────────────────────────────────────────────────────────────────────── [0m[1;34mBATCH SUMMARY[0m[92m ─────────────────────────────────────────────────────────────────────────────────────────────[0m
[36mTotal:[0m [1;36m12[0m images
[32mSuccessful:[0m [1;36m12[0m

[1mAccuracy Statistics:[0m
  Average: [1;32m84.3[0m[32m%[0m
  Min: [1;36m40.0[0m%
  Max: [1;36m100.0[0m%

[1mField-Level Accuracy:[0m
  [32mDOCUMENT_TYPE: [0m[1;32m100.0[0m[32m%[0m
  [32mSTATEMENT_DATE_RANGE: [0m[1;32m100.0[0m[32m%[0m
  [33mTRANSACTION_DATES: [0m[1;33m75.8[0m[33m%[0m
  [33mLINE_ITEM_DESCRIPTIONS: [0m[1;33m68.6[0m[33m%[0m
  [33mTRANSACTION_AMOUNTS_PAID: [0m[1;33m77.2[0m[33m%[0m
[92m────────────────────────────────────────────────────────────────────────────────────────── [0m[1;34mGENERATING REPORTS[0m[92m ──────────────────────────────────────────────────────────────────────────────────────────[0m
[32mCSV saved:[0m output/unified_bank_batch_internvl3_5_8b_20251205_022950.csv
[32mJSON saved:[0m output/unified_bank_evaluation_internvl3_5_8b_20251205_022950.json
[32mMarkdown saved:[0m output/unified_bank_summary_internvl3_5_8b_20251205_022950.md

[1;32mBatch processing complete![0m
